The system is: Linux - 5.4.0-92-generic - x86_64
Compiling the C compiler identification source file "CMakeCCompilerId.c" succeeded.
Compiler: /usr/bin/cc 
Build flags: 
Id flags:  

The output was:
0


Compilation of the C compiler identification source "CMakeCCompilerId.c" produced "a.out"

The C compiler identification is GNU, found in "/home/chenyidong/hpc_ot/SparseSinkhorn/CMakeFiles/3.21.1/CompilerIdC/a.out"

Compiling the CXX compiler identification source file "CMakeCXXCompilerId.cpp" succeeded.
Compiler: /usr/bin/c++ 
Build flags: 
Id flags:  

The output was:
0


Compilation of the CXX compiler identification source "CMakeCXXCompilerId.cpp" produced "a.out"

The CXX compiler identification is GNU, found in "/home/chenyidong/hpc_ot/SparseSinkhorn/CMakeFiles/3.21.1/CompilerIdCXX/a.out"

Detecting C compiler ABI info compiled with the following output:
Change Dir: /home/chenyidong/hpc_ot/SparseSinkhorn/CMakeFiles/CMakeTmp

Run Build Command(s):/home/chenyidong/clion-2021.3.2/bin/ninja/linux/ninja cmTC_6bfd9 && [1/2] Building C object CMakeFiles/cmTC_6bfd9.dir/CMakeCCompilerABI.c.o
Using built-in specs.
COLLECT_GCC=/usr/bin/cc
OFFLOAD_TARGET_NAMES=nvptx-none
OFFLOAD_TARGET_DEFAULT=1
Target: x86_64-linux-gnu
Configured with: ../src/configure -v --with-pkgversion='Ubuntu 7.5.0-3ubuntu1~18.04' --with-bugurl=file:///usr/share/doc/gcc-7/README.Bugs --enable-languages=c,ada,c++,go,brig,d,fortran,objc,obj-c++ --prefix=/usr --with-gcc-major-version-only --program-suffix=-7 --program-prefix=x86_64-linux-gnu- --enable-shared --enable-linker-build-id --libexecdir=/usr/lib --without-included-gettext --enable-threads=posix --libdir=/usr/lib --enable-nls --enable-bootstrap --enable-clocale=gnu --enable-libstdcxx-debug --enable-libstdcxx-time=yes --with-default-libstdcxx-abi=new --enable-gnu-unique-object --disable-vtable-verify --enable-libmpx --enable-plugin --enable-default-pie --with-system-zlib --with-target-system-zlib --enable-objc-gc=auto --enable-multiarch --disable-werror --with-arch-32=i686 --with-abi=m64 --with-multilib-list=m32,m64,mx32 --enable-multilib --with-tune=generic --enable-offload-targets=nvptx-none --without-cuda-driver --enable-checking=release --build=x86_64-linux-gnu --host=x86_64-linux-gnu --target=x86_64-linux-gnu
Thread model: posix
gcc version 7.5.0 (Ubuntu 7.5.0-3ubuntu1~18.04) 
COLLECT_GCC_OPTIONS='-v' '-o' 'CMakeFiles/cmTC_6bfd9.dir/CMakeCCompilerABI.c.o' '-c' '-mtune=generic' '-march=x86-64'
 /usr/lib/gcc/x86_64-linux-gnu/7/cc1 -quiet -v -imultiarch x86_64-linux-gnu /home/chenyidong/clion-2021.3.2/bin/cmake/linux/share/cmake-3.21/Modules/CMakeCCompilerABI.c -quiet -dumpbase CMakeCCompilerABI.c -mtune=generic -march=x86-64 -auxbase-strip CMakeFiles/cmTC_6bfd9.dir/CMakeCCompilerABI.c.o -version -fstack-protector-strong -Wformat -Wformat-security -o /tmp/cceodbwW.s
GNU C11 (Ubuntu 7.5.0-3ubuntu1~18.04) version 7.5.0 (x86_64-linux-gnu)
	compiled by GNU C version 7.5.0, GMP version 6.1.2, MPFR version 4.0.1, MPC version 1.1.0, isl version isl-0.19-GMP

warning: GMP header version 6.1.2 differs from library version 6.2.1.
GGC heuristics: --param ggc-min-expand=100 --param ggc-min-heapsize=131072
ignoring nonexistent directory "/usr/local/include/x86_64-linux-gnu"
ignoring nonexistent directory "/usr/lib/gcc/x86_64-linux-gnu/7/../../../../x86_64-linux-gnu/include"
ignoring duplicate directory "/opt/intel/oneapi/ipp/2021.1.1/include"
#include "..." search starts here:
#include <...> search starts here:
 /opt/intel/oneapi/tbb/2021.1.1/env/../include
 /opt/intel/oneapi/mpi/2021.1.1//include
 /opt/intel/oneapi/mkl/latest/include
 /opt/intel/oneapi/ipp/2021.1.1/include
 /opt/intel/oneapi/ippcp/2021.1.1/include
 /opt/intel/oneapi/dpl/2021.1.2/linux/include
 /opt/intel/oneapi/dpcpp-ct/2021.1.1/include
 /opt/intel/oneapi/dnnl/2021.1.1/cpu_dpcpp_gpu_dpcpp/lib
 /opt/intel/oneapi/dev-utilities/2021.1.1/include
 /opt/intel/oneapi/dal/2021.1.1/include
 /opt/intel/oneapi/compiler/2021.1.2/linux/include
 /opt/intel/oneapi/ccl/2021.1.1/include/cpu_gpu_dpcpp
 /usr/lib/gcc/x86_64-linux-gnu/7/include
 /usr/local/include
 /usr/lib/gcc/x86_64-linux-gnu/7/include-fixed
 /usr/include/x86_64-linux-gnu
 /usr/include
End of search list.
GNU C11 (Ubuntu 7.5.0-3ubuntu1~18.04) version 7.5.0 (x86_64-linux-gnu)
	compiled by GNU C version 7.5.0, GMP version 6.1.2, MPFR version 4.0.1, MPC version 1.1.0, isl version isl-0.19-GMP

warning: GMP header version 6.1.2 differs from library version 6.2.1.
GGC heuristics: --param ggc-min-expand=100 --param ggc-min-heapsize=131072
Compiler executable checksum: b62ed4a2880cd4159476ea8293b72fa8
COLLECT_GCC_OPTIONS='-v' '-o' 'CMakeFiles/cmTC_6bfd9.dir/CMakeCCompilerABI.c.o' '-c' '-mtune=generic' '-march=x86-64'
 as -v --64 -o CMakeFiles/cmTC_6bfd9.dir/CMakeCCompilerABI.c.o /tmp/cceodbwW.s
GNU assembler version 2.30 (x86_64-linux-gnu) using BFD version (GNU Binutils for Ubuntu) 2.30
COMPILER_PATH=/usr/lib/gcc/x86_64-linux-gnu/7/:/usr/lib/gcc/x86_64-linux-gnu/7/:/usr/lib/gcc/x86_64-linux-gnu/:/usr/lib/gcc/x86_64-linux-gnu/7/:/usr/lib/gcc/x86_64-linux-gnu/
LIBRARY_PATH=/home/chenyidong/user/include/../lib/:/opt/intel/oneapi/mpi/2021.1.1//libfabric/lib/../lib/:/opt/intel/oneapi/mpi/2021.1.1//lib/../lib/:/opt/intel/oneapi/dnnl/2021.1.1/cpu_dpcpp_gpu_dpcpp/lib/../lib/:/opt/intel/oneapi/compiler/2021.1.2/linux/lib/../lib/:/usr/lib/gcc/x86_64-linux-gnu/7/:/usr/lib/gcc/x86_64-linux-gnu/7/../../../x86_64-linux-gnu/:/usr/lib/gcc/x86_64-linux-gnu/7/../../../../lib/:/lib/x86_64-linux-gnu/:/lib/../lib/:/usr/lib/x86_64-linux-gnu/:/usr/lib/../lib/:/home/chenyidong/user/include/:/opt/intel/oneapi/tbb/2021.1.1/env/../lib/intel64/gcc4.8/:/opt/intel/oneapi/mpi/2021.1.1//libfabric/lib/:/opt/intel/oneapi/mpi/2021.1.1//lib/release/:/opt/intel/oneapi/mpi/2021.1.1//lib/:/opt/intel/oneapi/mkl/latest/lib/intel64/:/opt/intel/oneapi/ipp/2021.1.1/lib/intel64/:/opt/intel/oneapi/ippcp/2021.1.1/lib/intel64/:/opt/intel/oneapi/ipp/2021.1.1/lib/intel64/:/opt/intel/oneapi/dnnl/2021.1.1/cpu_dpcpp_gpu_dpcpp/lib/:/opt/intel/oneapi/dal/2021.1.1/lib/intel64/:/opt/intel/oneapi/compiler/2021.1.2/linux/compiler/lib/intel64_lin/:/opt/intel/oneapi/compiler/2021.1.2/linux/lib/:/opt/intel/oneapi/ccl/2021.1.1/lib/cpu_gpu_dpcpp/:/usr/lib/gcc/x86_64-linux-gnu/7/../../../:/lib/:/usr/lib/
COLLECT_GCC_OPTIONS='-v' '-o' 'CMakeFiles/cmTC_6bfd9.dir/CMakeCCompilerABI.c.o' '-c' '-mtune=generic' '-march=x86-64'
[2/2] Linking C executable cmTC_6bfd9
Using built-in specs.
COLLECT_GCC=/usr/bin/cc
COLLECT_LTO_WRAPPER=/usr/lib/gcc/x86_64-linux-gnu/7/lto-wrapper
OFFLOAD_TARGET_NAMES=nvptx-none
OFFLOAD_TARGET_DEFAULT=1
Target: x86_64-linux-gnu
Configured with: ../src/configure -v --with-pkgversion='Ubuntu 7.5.0-3ubuntu1~18.04' --with-bugurl=file:///usr/share/doc/gcc-7/README.Bugs --enable-languages=c,ada,c++,go,brig,d,fortran,objc,obj-c++ --prefix=/usr --with-gcc-major-version-only --program-suffix=-7 --program-prefix=x86_64-linux-gnu- --enable-shared --enable-linker-build-id --libexecdir=/usr/lib --without-included-gettext --enable-threads=posix --libdir=/usr/lib --enable-nls --enable-bootstrap --enable-clocale=gnu --enable-libstdcxx-debug --enable-libstdcxx-time=yes --with-default-libstdcxx-abi=new --enable-gnu-unique-object --disable-vtable-verify --enable-libmpx --enable-plugin --enable-default-pie --with-system-zlib --with-target-system-zlib --enable-objc-gc=auto --enable-multiarch --disable-werror --with-arch-32=i686 --with-abi=m64 --with-multilib-list=m32,m64,mx32 --enable-multilib --with-tune=generic --enable-offload-targets=nvptx-none --without-cuda-driver --enable-checking=release --build=x86_64-linux-gnu --host=x86_64-linux-gnu --target=x86_64-linux-gnu
Thread model: posix
gcc version 7.5.0 (Ubuntu 7.5.0-3ubuntu1~18.04) 
COMPILER_PATH=/usr/lib/gcc/x86_64-linux-gnu/7/:/usr/lib/gcc/x86_64-linux-gnu/7/:/usr/lib/gcc/x86_64-linux-gnu/:/usr/lib/gcc/x86_64-linux-gnu/7/:/usr/lib/gcc/x86_64-linux-gnu/
LIBRARY_PATH=/home/chenyidong/user/include/../lib/:/opt/intel/oneapi/mpi/2021.1.1//libfabric/lib/../lib/:/opt/intel/oneapi/mpi/2021.1.1//lib/../lib/:/opt/intel/oneapi/dnnl/2021.1.1/cpu_dpcpp_gpu_dpcpp/lib/../lib/:/opt/intel/oneapi/compiler/2021.1.2/linux/lib/../lib/:/usr/lib/gcc/x86_64-linux-gnu/7/:/usr/lib/gcc/x86_64-linux-gnu/7/../../../x86_64-linux-gnu/:/usr/lib/gcc/x86_64-linux-gnu/7/../../../../lib/:/lib/x86_64-linux-gnu/:/lib/../lib/:/usr/lib/x86_64-linux-gnu/:/usr/lib/../lib/:/home/chenyidong/user/include/:/opt/intel/oneapi/tbb/2021.1.1/env/../lib/intel64/gcc4.8/:/opt/intel/oneapi/mpi/2021.1.1//libfabric/lib/:/opt/intel/oneapi/mpi/2021.1.1//lib/release/:/opt/intel/oneapi/mpi/2021.1.1//lib/:/opt/intel/oneapi/mkl/latest/lib/intel64/:/opt/intel/oneapi/ipp/2021.1.1/lib/intel64/:/opt/intel/oneapi/ippcp/2021.1.1/lib/intel64/:/opt/intel/oneapi/ipp/2021.1.1/lib/intel64/:/opt/intel/oneapi/dnnl/2021.1.1/cpu_dpcpp_gpu_dpcpp/lib/:/opt/intel/oneapi/dal/2021.1.1/lib/intel64/:/opt/intel/oneapi/compiler/2021.1.2/linux/compiler/lib/intel64_lin/:/opt/intel/oneapi/compiler/2021.1.2/linux/lib/:/opt/intel/oneapi/ccl/2021.1.1/lib/cpu_gpu_dpcpp/:/usr/lib/gcc/x86_64-linux-gnu/7/../../../:/lib/:/usr/lib/
COLLECT_GCC_OPTIONS='-v' '-rdynamic' '-o' 'cmTC_6bfd9' '-mtune=generic' '-march=x86-64'
 /usr/lib/gcc/x86_64-linux-gnu/7/collect2 -plugin /usr/lib/gcc/x86_64-linux-gnu/7/liblto_plugin.so -plugin-opt=/usr/lib/gcc/x86_64-linux-gnu/7/lto-wrapper -plugin-opt=-fresolution=/tmp/ccGpLfCY.res -plugin-opt=-pass-through=-lgcc -plugin-opt=-pass-through=-lgcc_s -plugin-opt=-pass-through=-lc -plugin-opt=-pass-through=-lgcc -plugin-opt=-pass-through=-lgcc_s --build-id --eh-frame-hdr -m elf_x86_64 --hash-style=gnu --as-needed -export-dynamic -dynamic-linker /lib64/ld-linux-x86-64.so.2 -pie -z now -z relro -o cmTC_6bfd9 /usr/lib/gcc/x86_64-linux-gnu/7/../../../x86_64-linux-gnu/Scrt1.o /usr/lib/gcc/x86_64-linux-gnu/7/../../../x86_64-linux-gnu/crti.o /usr/lib/gcc/x86_64-linux-gnu/7/crtbeginS.o -L/home/chenyidong/user/include/../lib -L/opt/intel/oneapi/mpi/2021.1.1//libfabric/lib/../lib -L/opt/intel/oneapi/mpi/2021.1.1//lib/../lib -L/opt/intel/oneapi/dnnl/2021.1.1/cpu_dpcpp_gpu_dpcpp/lib/../lib -L/opt/intel/oneapi/compiler/2021.1.2/linux/lib/../lib -L/usr/lib/gcc/x86_64-linux-gnu/7 -L/usr/lib/gcc/x86_64-linux-gnu/7/../../../x86_64-linux-gnu -L/usr/lib/gcc/x86_64-linux-gnu/7/../../../../lib -L/lib/x86_64-linux-gnu -L/lib/../lib -L/usr/lib/x86_64-linux-gnu -L/usr/lib/../lib -L/home/chenyidong/user/include -L/opt/intel/oneapi/tbb/2021.1.1/env/../lib/intel64/gcc4.8 -L/opt/intel/oneapi/mpi/2021.1.1//libfabric/lib -L/opt/intel/oneapi/mpi/2021.1.1//lib/release -L/opt/intel/oneapi/mpi/2021.1.1//lib -L/opt/intel/oneapi/mkl/latest/lib/intel64 -L/opt/intel/oneapi/ipp/2021.1.1/lib/intel64 -L/opt/intel/oneapi/ippcp/2021.1.1/lib/intel64 -L/opt/intel/oneapi/ipp/2021.1.1/lib/intel64 -L/opt/intel/oneapi/dnnl/2021.1.1/cpu_dpcpp_gpu_dpcpp/lib -L/opt/intel/oneapi/dal/2021.1.1/lib/intel64 -L/opt/intel/oneapi/compiler/2021.1.2/linux/compiler/lib/intel64_lin -L/opt/intel/oneapi/compiler/2021.1.2/linux/lib -L/opt/intel/oneapi/ccl/2021.1.1/lib/cpu_gpu_dpcpp -L/usr/lib/gcc/x86_64-linux-gnu/7/../../.. CMakeFiles/cmTC_6bfd9.dir/CMakeCCompilerABI.c.o -lgcc --push-state --as-needed -lgcc_s --pop-state -lc -lgcc --push-state --as-needed -lgcc_s --pop-state /usr/lib/gcc/x86_64-linux-gnu/7/crtendS.o /usr/lib/gcc/x86_64-linux-gnu/7/../../../x86_64-linux-gnu/crtn.o
COLLECT_GCC_OPTIONS='-v' '-rdynamic' '-o' 'cmTC_6bfd9' '-mtune=generic' '-march=x86-64'



Parsed C implicit include dir info from above output: rv=done
  found start of include info
  found start of implicit include info
    add: [/opt/intel/oneapi/tbb/2021.1.1/env/../include]
    add: [/opt/intel/oneapi/mpi/2021.1.1//include]
    add: [/opt/intel/oneapi/mkl/latest/include]
    add: [/opt/intel/oneapi/ipp/2021.1.1/include]
    add: [/opt/intel/oneapi/ippcp/2021.1.1/include]
    add: [/opt/intel/oneapi/dpl/2021.1.2/linux/include]
    add: [/opt/intel/oneapi/dpcpp-ct/2021.1.1/include]
    add: [/opt/intel/oneapi/dnnl/2021.1.1/cpu_dpcpp_gpu_dpcpp/lib]
    add: [/opt/intel/oneapi/dev-utilities/2021.1.1/include]
    add: [/opt/intel/oneapi/dal/2021.1.1/include]
    add: [/opt/intel/oneapi/compiler/2021.1.2/linux/include]
    add: [/opt/intel/oneapi/ccl/2021.1.1/include/cpu_gpu_dpcpp]
    add: [/usr/lib/gcc/x86_64-linux-gnu/7/include]
    add: [/usr/local/include]
    add: [/usr/lib/gcc/x86_64-linux-gnu/7/include-fixed]
    add: [/usr/include/x86_64-linux-gnu]
    add: [/usr/include]
  end of search list found
  collapse include dir [/opt/intel/oneapi/tbb/2021.1.1/env/../include] ==> [/opt/intel/oneapi/tbb/2021.1.1/include]
  collapse include dir [/opt/intel/oneapi/mpi/2021.1.1//include] ==> [/opt/intel/oneapi/mpi/2021.1.1/include]
  collapse include dir [/opt/intel/oneapi/mkl/latest/include] ==> [/opt/intel/oneapi/mkl/latest/include]
  collapse include dir [/opt/intel/oneapi/ipp/2021.1.1/include] ==> [/opt/intel/oneapi/ipp/2021.1.1/include]
  collapse include dir [/opt/intel/oneapi/ippcp/2021.1.1/include] ==> [/opt/intel/oneapi/ippcp/2021.1.1/include]
  collapse include dir [/opt/intel/oneapi/dpl/2021.1.2/linux/include] ==> [/opt/intel/oneapi/dpl/2021.1.2/linux/include]
  collapse include dir [/opt/intel/oneapi/dpcpp-ct/2021.1.1/include] ==> [/opt/intel/oneapi/dpcpp-ct/2021.1.1/include]
  collapse include dir [/opt/intel/oneapi/dnnl/2021.1.1/cpu_dpcpp_gpu_dpcpp/lib] ==> [/opt/intel/oneapi/dnnl/2021.1.1/cpu_dpcpp_gpu_dpcpp/lib]
  collapse include dir [/opt/intel/oneapi/dev-utilities/2021.1.1/include] ==> [/opt/intel/oneapi/dev-utilities/2021.1.1/include]
  collapse include dir [/opt/intel/oneapi/dal/2021.1.1/include] ==> [/opt/intel/oneapi/dal/2021.1.1/include]
  collapse include dir [/opt/intel/oneapi/compiler/2021.1.2/linux/include] ==> [/opt/intel/oneapi/compiler/2021.1.2/linux/include]
  collapse include dir [/opt/intel/oneapi/ccl/2021.1.1/include/cpu_gpu_dpcpp] ==> [/opt/intel/oneapi/ccl/2021.1.1/include/cpu_gpu_dpcpp]
  collapse include dir [/usr/lib/gcc/x86_64-linux-gnu/7/include] ==> [/usr/lib/gcc/x86_64-linux-gnu/7/include]
  collapse include dir [/usr/local/include] ==> [/usr/local/include]
  collapse include dir [/usr/lib/gcc/x86_64-linux-gnu/7/include-fixed] ==> [/usr/lib/gcc/x86_64-linux-gnu/7/include-fixed]
  collapse include dir [/usr/include/x86_64-linux-gnu] ==> [/usr/include/x86_64-linux-gnu]
  collapse include dir [/usr/include] ==> [/usr/include]
  implicit include dirs: [/opt/intel/oneapi/tbb/2021.1.1/include;/opt/intel/oneapi/mpi/2021.1.1/include;/opt/intel/oneapi/mkl/latest/include;/opt/intel/oneapi/ipp/2021.1.1/include;/opt/intel/oneapi/ippcp/2021.1.1/include;/opt/intel/oneapi/dpl/2021.1.2/linux/include;/opt/intel/oneapi/dpcpp-ct/2021.1.1/include;/opt/intel/oneapi/dnnl/2021.1.1/cpu_dpcpp_gpu_dpcpp/lib;/opt/intel/oneapi/dev-utilities/2021.1.1/include;/opt/intel/oneapi/dal/2021.1.1/include;/opt/intel/oneapi/compiler/2021.1.2/linux/include;/opt/intel/oneapi/ccl/2021.1.1/include/cpu_gpu_dpcpp;/usr/lib/gcc/x86_64-linux-gnu/7/include;/usr/local/include;/usr/lib/gcc/x86_64-linux-gnu/7/include-fixed;/usr/include/x86_64-linux-gnu;/usr/include]


Parsed C implicit link information from above output:
  link line regex: [^( *|.*[/\])(ld|CMAKE_LINK_STARTFILE-NOTFOUND|([^/\]+-)?ld|collect2)[^/\]*( |$)]
  ignore line: [Change Dir: /home/chenyidong/hpc_ot/SparseSinkhorn/CMakeFiles/CMakeTmp]
  ignore line: []
  ignore line: [Run Build Command(s):/home/chenyidong/clion-2021.3.2/bin/ninja/linux/ninja cmTC_6bfd9 && [1/2] Building C object CMakeFiles/cmTC_6bfd9.dir/CMakeCCompilerABI.c.o]
  ignore line: [Using built-in specs.]
  ignore line: [COLLECT_GCC=/usr/bin/cc]
  ignore line: [OFFLOAD_TARGET_NAMES=nvptx-none]
  ignore line: [OFFLOAD_TARGET_DEFAULT=1]
  ignore line: [Target: x86_64-linux-gnu]
  ignore line: [Configured with: ../src/configure -v --with-pkgversion='Ubuntu 7.5.0-3ubuntu1~18.04' --with-bugurl=file:///usr/share/doc/gcc-7/README.Bugs --enable-languages=c ada c++ go brig d fortran objc obj-c++ --prefix=/usr --with-gcc-major-version-only --program-suffix=-7 --program-prefix=x86_64-linux-gnu- --enable-shared --enable-linker-build-id --libexecdir=/usr/lib --without-included-gettext --enable-threads=posix --libdir=/usr/lib --enable-nls --enable-bootstrap --enable-clocale=gnu --enable-libstdcxx-debug --enable-libstdcxx-time=yes --with-default-libstdcxx-abi=new --enable-gnu-unique-object --disable-vtable-verify --enable-libmpx --enable-plugin --enable-default-pie --with-system-zlib --with-target-system-zlib --enable-objc-gc=auto --enable-multiarch --disable-werror --with-arch-32=i686 --with-abi=m64 --with-multilib-list=m32 m64 mx32 --enable-multilib --with-tune=generic --enable-offload-targets=nvptx-none --without-cuda-driver --enable-checking=release --build=x86_64-linux-gnu --host=x86_64-linux-gnu --target=x86_64-linux-gnu]
  ignore line: [Thread model: posix]
  ignore line: [gcc version 7.5.0 (Ubuntu 7.5.0-3ubuntu1~18.04) ]
  ignore line: [COLLECT_GCC_OPTIONS='-v' '-o' 'CMakeFiles/cmTC_6bfd9.dir/CMakeCCompilerABI.c.o' '-c' '-mtune=generic' '-march=x86-64']
  ignore line: [ /usr/lib/gcc/x86_64-linux-gnu/7/cc1 -quiet -v -imultiarch x86_64-linux-gnu /home/chenyidong/clion-2021.3.2/bin/cmake/linux/share/cmake-3.21/Modules/CMakeCCompilerABI.c -quiet -dumpbase CMakeCCompilerABI.c -mtune=generic -march=x86-64 -auxbase-strip CMakeFiles/cmTC_6bfd9.dir/CMakeCCompilerABI.c.o -version -fstack-protector-strong -Wformat -Wformat-security -o /tmp/cceodbwW.s]
  ignore line: [GNU C11 (Ubuntu 7.5.0-3ubuntu1~18.04) version 7.5.0 (x86_64-linux-gnu)]
  ignore line: [	compiled by GNU C version 7.5.0  GMP version 6.1.2  MPFR version 4.0.1  MPC version 1.1.0  isl version isl-0.19-GMP]
  ignore line: []
  ignore line: [warning: GMP header version 6.1.2 differs from library version 6.2.1.]
  ignore line: [GGC heuristics: --param ggc-min-expand=100 --param ggc-min-heapsize=131072]
  ignore line: [ignoring nonexistent directory "/usr/local/include/x86_64-linux-gnu"]
  ignore line: [ignoring nonexistent directory "/usr/lib/gcc/x86_64-linux-gnu/7/../../../../x86_64-linux-gnu/include"]
  ignore line: [ignoring duplicate directory "/opt/intel/oneapi/ipp/2021.1.1/include"]
  ignore line: [#include "..." search starts here:]
  ignore line: [#include <...> search starts here:]
  ignore line: [ /opt/intel/oneapi/tbb/2021.1.1/env/../include]
  ignore line: [ /opt/intel/oneapi/mpi/2021.1.1//include]
  ignore line: [ /opt/intel/oneapi/mkl/latest/include]
  ignore line: [ /opt/intel/oneapi/ipp/2021.1.1/include]
  ignore line: [ /opt/intel/oneapi/ippcp/2021.1.1/include]
  ignore line: [ /opt/intel/oneapi/dpl/2021.1.2/linux/include]
  ignore line: [ /opt/intel/oneapi/dpcpp-ct/2021.1.1/include]
  ignore line: [ /opt/intel/oneapi/dnnl/2021.1.1/cpu_dpcpp_gpu_dpcpp/lib]
  ignore line: [ /opt/intel/oneapi/dev-utilities/2021.1.1/include]
  ignore line: [ /opt/intel/oneapi/dal/2021.1.1/include]
  ignore line: [ /opt/intel/oneapi/compiler/2021.1.2/linux/include]
  ignore line: [ /opt/intel/oneapi/ccl/2021.1.1/include/cpu_gpu_dpcpp]
  ignore line: [ /usr/lib/gcc/x86_64-linux-gnu/7/include]
  ignore line: [ /usr/local/include]
  ignore line: [ /usr/lib/gcc/x86_64-linux-gnu/7/include-fixed]
  ignore line: [ /usr/include/x86_64-linux-gnu]
  ignore line: [ /usr/include]
  ignore line: [End of search list.]
  ignore line: [GNU C11 (Ubuntu 7.5.0-3ubuntu1~18.04) version 7.5.0 (x86_64-linux-gnu)]
  ignore line: [	compiled by GNU C version 7.5.0  GMP version 6.1.2  MPFR version 4.0.1  MPC version 1.1.0  isl version isl-0.19-GMP]
  ignore line: []
  ignore line: [warning: GMP header version 6.1.2 differs from library version 6.2.1.]
  ignore line: [GGC heuristics: --param ggc-min-expand=100 --param ggc-min-heapsize=131072]
  ignore line: [Compiler executable checksum: b62ed4a2880cd4159476ea8293b72fa8]
  ignore line: [COLLECT_GCC_OPTIONS='-v' '-o' 'CMakeFiles/cmTC_6bfd9.dir/CMakeCCompilerABI.c.o' '-c' '-mtune=generic' '-march=x86-64']
  ignore line: [ as -v --64 -o CMakeFiles/cmTC_6bfd9.dir/CMakeCCompilerABI.c.o /tmp/cceodbwW.s]
  ignore line: [GNU assembler version 2.30 (x86_64-linux-gnu) using BFD version (GNU Binutils for Ubuntu) 2.30]
  ignore line: [COMPILER_PATH=/usr/lib/gcc/x86_64-linux-gnu/7/:/usr/lib/gcc/x86_64-linux-gnu/7/:/usr/lib/gcc/x86_64-linux-gnu/:/usr/lib/gcc/x86_64-linux-gnu/7/:/usr/lib/gcc/x86_64-linux-gnu/]
  ignore line: [LIBRARY_PATH=/home/chenyidong/user/include/../lib/:/opt/intel/oneapi/mpi/2021.1.1//libfabric/lib/../lib/:/opt/intel/oneapi/mpi/2021.1.1//lib/../lib/:/opt/intel/oneapi/dnnl/2021.1.1/cpu_dpcpp_gpu_dpcpp/lib/../lib/:/opt/intel/oneapi/compiler/2021.1.2/linux/lib/../lib/:/usr/lib/gcc/x86_64-linux-gnu/7/:/usr/lib/gcc/x86_64-linux-gnu/7/../../../x86_64-linux-gnu/:/usr/lib/gcc/x86_64-linux-gnu/7/../../../../lib/:/lib/x86_64-linux-gnu/:/lib/../lib/:/usr/lib/x86_64-linux-gnu/:/usr/lib/../lib/:/home/chenyidong/user/include/:/opt/intel/oneapi/tbb/2021.1.1/env/../lib/intel64/gcc4.8/:/opt/intel/oneapi/mpi/2021.1.1//libfabric/lib/:/opt/intel/oneapi/mpi/2021.1.1//lib/release/:/opt/intel/oneapi/mpi/2021.1.1//lib/:/opt/intel/oneapi/mkl/latest/lib/intel64/:/opt/intel/oneapi/ipp/2021.1.1/lib/intel64/:/opt/intel/oneapi/ippcp/2021.1.1/lib/intel64/:/opt/intel/oneapi/ipp/2021.1.1/lib/intel64/:/opt/intel/oneapi/dnnl/2021.1.1/cpu_dpcpp_gpu_dpcpp/lib/:/opt/intel/oneapi/dal/2021.1.1/lib/intel64/:/opt/intel/oneapi/compiler/2021.1.2/linux/compiler/lib/intel64_lin/:/opt/intel/oneapi/compiler/2021.1.2/linux/lib/:/opt/intel/oneapi/ccl/2021.1.1/lib/cpu_gpu_dpcpp/:/usr/lib/gcc/x86_64-linux-gnu/7/../../../:/lib/:/usr/lib/]
  ignore line: [COLLECT_GCC_OPTIONS='-v' '-o' 'CMakeFiles/cmTC_6bfd9.dir/CMakeCCompilerABI.c.o' '-c' '-mtune=generic' '-march=x86-64']
  ignore line: [[2/2] Linking C executable cmTC_6bfd9]
  ignore line: [Using built-in specs.]
  ignore line: [COLLECT_GCC=/usr/bin/cc]
  ignore line: [COLLECT_LTO_WRAPPER=/usr/lib/gcc/x86_64-linux-gnu/7/lto-wrapper]
  ignore line: [OFFLOAD_TARGET_NAMES=nvptx-none]
  ignore line: [OFFLOAD_TARGET_DEFAULT=1]
  ignore line: [Target: x86_64-linux-gnu]
  ignore line: [Configured with: ../src/configure -v --with-pkgversion='Ubuntu 7.5.0-3ubuntu1~18.04' --with-bugurl=file:///usr/share/doc/gcc-7/README.Bugs --enable-languages=c ada c++ go brig d fortran objc obj-c++ --prefix=/usr --with-gcc-major-version-only --program-suffix=-7 --program-prefix=x86_64-linux-gnu- --enable-shared --enable-linker-build-id --libexecdir=/usr/lib --without-included-gettext --enable-threads=posix --libdir=/usr/lib --enable-nls --enable-bootstrap --enable-clocale=gnu --enable-libstdcxx-debug --enable-libstdcxx-time=yes --with-default-libstdcxx-abi=new --enable-gnu-unique-object --disable-vtable-verify --enable-libmpx --enable-plugin --enable-default-pie --with-system-zlib --with-target-system-zlib --enable-objc-gc=auto --enable-multiarch --disable-werror --with-arch-32=i686 --with-abi=m64 --with-multilib-list=m32 m64 mx32 --enable-multilib --with-tune=generic --enable-offload-targets=nvptx-none --without-cuda-driver --enable-checking=release --build=x86_64-linux-gnu --host=x86_64-linux-gnu --target=x86_64-linux-gnu]
  ignore line: [Thread model: posix]
  ignore line: [gcc version 7.5.0 (Ubuntu 7.5.0-3ubuntu1~18.04) ]
  ignore line: [COMPILER_PATH=/usr/lib/gcc/x86_64-linux-gnu/7/:/usr/lib/gcc/x86_64-linux-gnu/7/:/usr/lib/gcc/x86_64-linux-gnu/:/usr/lib/gcc/x86_64-linux-gnu/7/:/usr/lib/gcc/x86_64-linux-gnu/]
  ignore line: [LIBRARY_PATH=/home/chenyidong/user/include/../lib/:/opt/intel/oneapi/mpi/2021.1.1//libfabric/lib/../lib/:/opt/intel/oneapi/mpi/2021.1.1//lib/../lib/:/opt/intel/oneapi/dnnl/2021.1.1/cpu_dpcpp_gpu_dpcpp/lib/../lib/:/opt/intel/oneapi/compiler/2021.1.2/linux/lib/../lib/:/usr/lib/gcc/x86_64-linux-gnu/7/:/usr/lib/gcc/x86_64-linux-gnu/7/../../../x86_64-linux-gnu/:/usr/lib/gcc/x86_64-linux-gnu/7/../../../../lib/:/lib/x86_64-linux-gnu/:/lib/../lib/:/usr/lib/x86_64-linux-gnu/:/usr/lib/../lib/:/home/chenyidong/user/include/:/opt/intel/oneapi/tbb/2021.1.1/env/../lib/intel64/gcc4.8/:/opt/intel/oneapi/mpi/2021.1.1//libfabric/lib/:/opt/intel/oneapi/mpi/2021.1.1//lib/release/:/opt/intel/oneapi/mpi/2021.1.1//lib/:/opt/intel/oneapi/mkl/latest/lib/intel64/:/opt/intel/oneapi/ipp/2021.1.1/lib/intel64/:/opt/intel/oneapi/ippcp/2021.1.1/lib/intel64/:/opt/intel/oneapi/ipp/2021.1.1/lib/intel64/:/opt/intel/oneapi/dnnl/2021.1.1/cpu_dpcpp_gpu_dpcpp/lib/:/opt/intel/oneapi/dal/2021.1.1/lib/intel64/:/opt/intel/oneapi/compiler/2021.1.2/linux/compiler/lib/intel64_lin/:/opt/intel/oneapi/compiler/2021.1.2/linux/lib/:/opt/intel/oneapi/ccl/2021.1.1/lib/cpu_gpu_dpcpp/:/usr/lib/gcc/x86_64-linux-gnu/7/../../../:/lib/:/usr/lib/]
  ignore line: [COLLECT_GCC_OPTIONS='-v' '-rdynamic' '-o' 'cmTC_6bfd9' '-mtune=generic' '-march=x86-64']
  link line: [ /usr/lib/gcc/x86_64-linux-gnu/7/collect2 -plugin /usr/lib/gcc/x86_64-linux-gnu/7/liblto_plugin.so -plugin-opt=/usr/lib/gcc/x86_64-linux-gnu/7/lto-wrapper -plugin-opt=-fresolution=/tmp/ccGpLfCY.res -plugin-opt=-pass-through=-lgcc -plugin-opt=-pass-through=-lgcc_s -plugin-opt=-pass-through=-lc -plugin-opt=-pass-through=-lgcc -plugin-opt=-pass-through=-lgcc_s --build-id --eh-frame-hdr -m elf_x86_64 --hash-style=gnu --as-needed -export-dynamic -dynamic-linker /lib64/ld-linux-x86-64.so.2 -pie -z now -z relro -o cmTC_6bfd9 /usr/lib/gcc/x86_64-linux-gnu/7/../../../x86_64-linux-gnu/Scrt1.o /usr/lib/gcc/x86_64-linux-gnu/7/../../../x86_64-linux-gnu/crti.o /usr/lib/gcc/x86_64-linux-gnu/7/crtbeginS.o -L/home/chenyidong/user/include/../lib -L/opt/intel/oneapi/mpi/2021.1.1//libfabric/lib/../lib -L/opt/intel/oneapi/mpi/2021.1.1//lib/../lib -L/opt/intel/oneapi/dnnl/2021.1.1/cpu_dpcpp_gpu_dpcpp/lib/../lib -L/opt/intel/oneapi/compiler/2021.1.2/linux/lib/../lib -L/usr/lib/gcc/x86_64-linux-gnu/7 -L/usr/lib/gcc/x86_64-linux-gnu/7/../../../x86_64-linux-gnu -L/usr/lib/gcc/x86_64-linux-gnu/7/../../../../lib -L/lib/x86_64-linux-gnu -L/lib/../lib -L/usr/lib/x86_64-linux-gnu -L/usr/lib/../lib -L/home/chenyidong/user/include -L/opt/intel/oneapi/tbb/2021.1.1/env/../lib/intel64/gcc4.8 -L/opt/intel/oneapi/mpi/2021.1.1//libfabric/lib -L/opt/intel/oneapi/mpi/2021.1.1//lib/release -L/opt/intel/oneapi/mpi/2021.1.1//lib -L/opt/intel/oneapi/mkl/latest/lib/intel64 -L/opt/intel/oneapi/ipp/2021.1.1/lib/intel64 -L/opt/intel/oneapi/ippcp/2021.1.1/lib/intel64 -L/opt/intel/oneapi/ipp/2021.1.1/lib/intel64 -L/opt/intel/oneapi/dnnl/2021.1.1/cpu_dpcpp_gpu_dpcpp/lib -L/opt/intel/oneapi/dal/2021.1.1/lib/intel64 -L/opt/intel/oneapi/compiler/2021.1.2/linux/compiler/lib/intel64_lin -L/opt/intel/oneapi/compiler/2021.1.2/linux/lib -L/opt/intel/oneapi/ccl/2021.1.1/lib/cpu_gpu_dpcpp -L/usr/lib/gcc/x86_64-linux-gnu/7/../../.. CMakeFiles/cmTC_6bfd9.dir/CMakeCCompilerABI.c.o -lgcc --push-state --as-needed -lgcc_s --pop-state -lc -lgcc --push-state --as-needed -lgcc_s --pop-state /usr/lib/gcc/x86_64-linux-gnu/7/crtendS.o /usr/lib/gcc/x86_64-linux-gnu/7/../../../x86_64-linux-gnu/crtn.o]
    arg [/usr/lib/gcc/x86_64-linux-gnu/7/collect2] ==> ignore
    arg [-plugin] ==> ignore
    arg [/usr/lib/gcc/x86_64-linux-gnu/7/liblto_plugin.so] ==> ignore
    arg [-plugin-opt=/usr/lib/gcc/x86_64-linux-gnu/7/lto-wrapper] ==> ignore
    arg [-plugin-opt=-fresolution=/tmp/ccGpLfCY.res] ==> ignore
    arg [-plugin-opt=-pass-through=-lgcc] ==> ignore
    arg [-plugin-opt=-pass-through=-lgcc_s] ==> ignore
    arg [-plugin-opt=-pass-through=-lc] ==> ignore
    arg [-plugin-opt=-pass-through=-lgcc] ==> ignore
    arg [-plugin-opt=-pass-through=-lgcc_s] ==> ignore
    arg [--build-id] ==> ignore
    arg [--eh-frame-hdr] ==> ignore
    arg [-m] ==> ignore
    arg [elf_x86_64] ==> ignore
    arg [--hash-style=gnu] ==> ignore
    arg [--as-needed] ==> ignore
    arg [-export-dynamic] ==> ignore
    arg [-dynamic-linker] ==> ignore
    arg [/lib64/ld-linux-x86-64.so.2] ==> ignore
    arg [-pie] ==> ignore
    arg [-znow] ==> ignore
    arg [-zrelro] ==> ignore
    arg [-o] ==> ignore
    arg [cmTC_6bfd9] ==> ignore
    arg [/usr/lib/gcc/x86_64-linux-gnu/7/../../../x86_64-linux-gnu/Scrt1.o] ==> obj [/usr/lib/gcc/x86_64-linux-gnu/7/../../../x86_64-linux-gnu/Scrt1.o]
    arg [/usr/lib/gcc/x86_64-linux-gnu/7/../../../x86_64-linux-gnu/crti.o] ==> obj [/usr/lib/gcc/x86_64-linux-gnu/7/../../../x86_64-linux-gnu/crti.o]
    arg [/usr/lib/gcc/x86_64-linux-gnu/7/crtbeginS.o] ==> obj [/usr/lib/gcc/x86_64-linux-gnu/7/crtbeginS.o]
    arg [-L/home/chenyidong/user/include/../lib] ==> dir [/home/chenyidong/user/include/../lib]
    arg [-L/opt/intel/oneapi/mpi/2021.1.1//libfabric/lib/../lib] ==> dir [/opt/intel/oneapi/mpi/2021.1.1//libfabric/lib/../lib]
    arg [-L/opt/intel/oneapi/mpi/2021.1.1//lib/../lib] ==> dir [/opt/intel/oneapi/mpi/2021.1.1//lib/../lib]
    arg [-L/opt/intel/oneapi/dnnl/2021.1.1/cpu_dpcpp_gpu_dpcpp/lib/../lib] ==> dir [/opt/intel/oneapi/dnnl/2021.1.1/cpu_dpcpp_gpu_dpcpp/lib/../lib]
    arg [-L/opt/intel/oneapi/compiler/2021.1.2/linux/lib/../lib] ==> dir [/opt/intel/oneapi/compiler/2021.1.2/linux/lib/../lib]
    arg [-L/usr/lib/gcc/x86_64-linux-gnu/7] ==> dir [/usr/lib/gcc/x86_64-linux-gnu/7]
    arg [-L/usr/lib/gcc/x86_64-linux-gnu/7/../../../x86_64-linux-gnu] ==> dir [/usr/lib/gcc/x86_64-linux-gnu/7/../../../x86_64-linux-gnu]
    arg [-L/usr/lib/gcc/x86_64-linux-gnu/7/../../../../lib] ==> dir [/usr/lib/gcc/x86_64-linux-gnu/7/../../../../lib]
    arg [-L/lib/x86_64-linux-gnu] ==> dir [/lib/x86_64-linux-gnu]
    arg [-L/lib/../lib] ==> dir [/lib/../lib]
    arg [-L/usr/lib/x86_64-linux-gnu] ==> dir [/usr/lib/x86_64-linux-gnu]
    arg [-L/usr/lib/../lib] ==> dir [/usr/lib/../lib]
    arg [-L/home/chenyidong/user/include] ==> dir [/home/chenyidong/user/include]
    arg [-L/opt/intel/oneapi/tbb/2021.1.1/env/../lib/intel64/gcc4.8] ==> dir [/opt/intel/oneapi/tbb/2021.1.1/env/../lib/intel64/gcc4.8]
    arg [-L/opt/intel/oneapi/mpi/2021.1.1//libfabric/lib] ==> dir [/opt/intel/oneapi/mpi/2021.1.1//libfabric/lib]
    arg [-L/opt/intel/oneapi/mpi/2021.1.1//lib/release] ==> dir [/opt/intel/oneapi/mpi/2021.1.1//lib/release]
    arg [-L/opt/intel/oneapi/mpi/2021.1.1//lib] ==> dir [/opt/intel/oneapi/mpi/2021.1.1//lib]
    arg [-L/opt/intel/oneapi/mkl/latest/lib/intel64] ==> dir [/opt/intel/oneapi/mkl/latest/lib/intel64]
    arg [-L/opt/intel/oneapi/ipp/2021.1.1/lib/intel64] ==> dir [/opt/intel/oneapi/ipp/2021.1.1/lib/intel64]
    arg [-L/opt/intel/oneapi/ippcp/2021.1.1/lib/intel64] ==> dir [/opt/intel/oneapi/ippcp/2021.1.1/lib/intel64]
    arg [-L/opt/intel/oneapi/ipp/2021.1.1/lib/intel64] ==> dir [/opt/intel/oneapi/ipp/2021.1.1/lib/intel64]
    arg [-L/opt/intel/oneapi/dnnl/2021.1.1/cpu_dpcpp_gpu_dpcpp/lib] ==> dir [/opt/intel/oneapi/dnnl/2021.1.1/cpu_dpcpp_gpu_dpcpp/lib]
    arg [-L/opt/intel/oneapi/dal/2021.1.1/lib/intel64] ==> dir [/opt/intel/oneapi/dal/2021.1.1/lib/intel64]
    arg [-L/opt/intel/oneapi/compiler/2021.1.2/linux/compiler/lib/intel64_lin] ==> dir [/opt/intel/oneapi/compiler/2021.1.2/linux/compiler/lib/intel64_lin]
    arg [-L/opt/intel/oneapi/compiler/2021.1.2/linux/lib] ==> dir [/opt/intel/oneapi/compiler/2021.1.2/linux/lib]
    arg [-L/opt/intel/oneapi/ccl/2021.1.1/lib/cpu_gpu_dpcpp] ==> dir [/opt/intel/oneapi/ccl/2021.1.1/lib/cpu_gpu_dpcpp]
    arg [-L/usr/lib/gcc/x86_64-linux-gnu/7/../../..] ==> dir [/usr/lib/gcc/x86_64-linux-gnu/7/../../..]
    arg [CMakeFiles/cmTC_6bfd9.dir/CMakeCCompilerABI.c.o] ==> ignore
    arg [-lgcc] ==> lib [gcc]
    arg [--push-state] ==> ignore
    arg [--as-needed] ==> ignore
    arg [-lgcc_s] ==> lib [gcc_s]
    arg [--pop-state] ==> ignore
    arg [-lc] ==> lib [c]
    arg [-lgcc] ==> lib [gcc]
    arg [--push-state] ==> ignore
    arg [--as-needed] ==> ignore
    arg [-lgcc_s] ==> lib [gcc_s]
    arg [--pop-state] ==> ignore
    arg [/usr/lib/gcc/x86_64-linux-gnu/7/crtendS.o] ==> obj [/usr/lib/gcc/x86_64-linux-gnu/7/crtendS.o]
    arg [/usr/lib/gcc/x86_64-linux-gnu/7/../../../x86_64-linux-gnu/crtn.o] ==> obj [/usr/lib/gcc/x86_64-linux-gnu/7/../../../x86_64-linux-gnu/crtn.o]
  collapse obj [/usr/lib/gcc/x86_64-linux-gnu/7/../../../x86_64-linux-gnu/Scrt1.o] ==> [/usr/lib/x86_64-linux-gnu/Scrt1.o]
  collapse obj [/usr/lib/gcc/x86_64-linux-gnu/7/../../../x86_64-linux-gnu/crti.o] ==> [/usr/lib/x86_64-linux-gnu/crti.o]
  collapse obj [/usr/lib/gcc/x86_64-linux-gnu/7/../../../x86_64-linux-gnu/crtn.o] ==> [/usr/lib/x86_64-linux-gnu/crtn.o]
  collapse library dir [/home/chenyidong/user/include/../lib] ==> [/home/chenyidong/user/lib]
  collapse library dir [/opt/intel/oneapi/mpi/2021.1.1//libfabric/lib/../lib] ==> [/opt/intel/oneapi/mpi/2021.1.1/libfabric/lib]
  collapse library dir [/opt/intel/oneapi/mpi/2021.1.1//lib/../lib] ==> [/opt/intel/oneapi/mpi/2021.1.1/lib]
  collapse library dir [/opt/intel/oneapi/dnnl/2021.1.1/cpu_dpcpp_gpu_dpcpp/lib/../lib] ==> [/opt/intel/oneapi/dnnl/2021.1.1/cpu_dpcpp_gpu_dpcpp/lib]
  collapse library dir [/opt/intel/oneapi/compiler/2021.1.2/linux/lib/../lib] ==> [/opt/intel/oneapi/compiler/2021.1.2/linux/lib]
  collapse library dir [/usr/lib/gcc/x86_64-linux-gnu/7] ==> [/usr/lib/gcc/x86_64-linux-gnu/7]
  collapse library dir [/usr/lib/gcc/x86_64-linux-gnu/7/../../../x86_64-linux-gnu] ==> [/usr/lib/x86_64-linux-gnu]
  collapse library dir [/usr/lib/gcc/x86_64-linux-gnu/7/../../../../lib] ==> [/usr/lib]
  collapse library dir [/lib/x86_64-linux-gnu] ==> [/lib/x86_64-linux-gnu]
  collapse library dir [/lib/../lib] ==> [/lib]
  collapse library dir [/usr/lib/x86_64-linux-gnu] ==> [/usr/lib/x86_64-linux-gnu]
  collapse library dir [/usr/lib/../lib] ==> [/usr/lib]
  collapse library dir [/home/chenyidong/user/include] ==> [/home/chenyidong/user/include]
  collapse library dir [/opt/intel/oneapi/tbb/2021.1.1/env/../lib/intel64/gcc4.8] ==> [/opt/intel/oneapi/tbb/2021.1.1/lib/intel64/gcc4.8]
  collapse library dir [/opt/intel/oneapi/mpi/2021.1.1//libfabric/lib] ==> [/opt/intel/oneapi/mpi/2021.1.1/libfabric/lib]
  collapse library dir [/opt/intel/oneapi/mpi/2021.1.1//lib/release] ==> [/opt/intel/oneapi/mpi/2021.1.1/lib/release]
  collapse library dir [/opt/intel/oneapi/mpi/2021.1.1//lib] ==> [/opt/intel/oneapi/mpi/2021.1.1/lib]
  collapse library dir [/opt/intel/oneapi/mkl/latest/lib/intel64] ==> [/opt/intel/oneapi/mkl/latest/lib/intel64]
  collapse library dir [/opt/intel/oneapi/ipp/2021.1.1/lib/intel64] ==> [/opt/intel/oneapi/ipp/2021.1.1/lib/intel64]
  collapse library dir [/opt/intel/oneapi/ippcp/2021.1.1/lib/intel64] ==> [/opt/intel/oneapi/ippcp/2021.1.1/lib/intel64]
  collapse library dir [/opt/intel/oneapi/ipp/2021.1.1/lib/intel64] ==> [/opt/intel/oneapi/ipp/2021.1.1/lib/intel64]
  collapse library dir [/opt/intel/oneapi/dnnl/2021.1.1/cpu_dpcpp_gpu_dpcpp/lib] ==> [/opt/intel/oneapi/dnnl/2021.1.1/cpu_dpcpp_gpu_dpcpp/lib]
  collapse library dir [/opt/intel/oneapi/dal/2021.1.1/lib/intel64] ==> [/opt/intel/oneapi/dal/2021.1.1/lib/intel64]
  collapse library dir [/opt/intel/oneapi/compiler/2021.1.2/linux/compiler/lib/intel64_lin] ==> [/opt/intel/oneapi/compiler/2021.1.2/linux/compiler/lib/intel64_lin]
  collapse library dir [/opt/intel/oneapi/compiler/2021.1.2/linux/lib] ==> [/opt/intel/oneapi/compiler/2021.1.2/linux/lib]
  collapse library dir [/opt/intel/oneapi/ccl/2021.1.1/lib/cpu_gpu_dpcpp] ==> [/opt/intel/oneapi/ccl/2021.1.1/lib/cpu_gpu_dpcpp]
  collapse library dir [/usr/lib/gcc/x86_64-linux-gnu/7/../../..] ==> [/usr/lib]
  implicit libs: [gcc;gcc_s;c;gcc;gcc_s]
  implicit objs: [/usr/lib/x86_64-linux-gnu/Scrt1.o;/usr/lib/x86_64-linux-gnu/crti.o;/usr/lib/gcc/x86_64-linux-gnu/7/crtbeginS.o;/usr/lib/gcc/x86_64-linux-gnu/7/crtendS.o;/usr/lib/x86_64-linux-gnu/crtn.o]
  implicit dirs: [/home/chenyidong/user/lib;/opt/intel/oneapi/mpi/2021.1.1/libfabric/lib;/opt/intel/oneapi/mpi/2021.1.1/lib;/opt/intel/oneapi/dnnl/2021.1.1/cpu_dpcpp_gpu_dpcpp/lib;/opt/intel/oneapi/compiler/2021.1.2/linux/lib;/usr/lib/gcc/x86_64-linux-gnu/7;/usr/lib/x86_64-linux-gnu;/usr/lib;/lib/x86_64-linux-gnu;/lib;/home/chenyidong/user/include;/opt/intel/oneapi/tbb/2021.1.1/lib/intel64/gcc4.8;/opt/intel/oneapi/mpi/2021.1.1/lib/release;/opt/intel/oneapi/mkl/latest/lib/intel64;/opt/intel/oneapi/ipp/2021.1.1/lib/intel64;/opt/intel/oneapi/ippcp/2021.1.1/lib/intel64;/opt/intel/oneapi/dal/2021.1.1/lib/intel64;/opt/intel/oneapi/compiler/2021.1.2/linux/compiler/lib/intel64_lin;/opt/intel/oneapi/ccl/2021.1.1/lib/cpu_gpu_dpcpp]
  implicit fwks: []


Detecting CXX compiler ABI info compiled with the following output:
Change Dir: /home/chenyidong/hpc_ot/SparseSinkhorn/CMakeFiles/CMakeTmp

Run Build Command(s):/home/chenyidong/clion-2021.3.2/bin/ninja/linux/ninja cmTC_bcb9e && [1/2] Building CXX object CMakeFiles/cmTC_bcb9e.dir/CMakeCXXCompilerABI.cpp.o
Using built-in specs.
COLLECT_GCC=/usr/bin/c++
OFFLOAD_TARGET_NAMES=nvptx-none
OFFLOAD_TARGET_DEFAULT=1
Target: x86_64-linux-gnu
Configured with: ../src/configure -v --with-pkgversion='Ubuntu 7.5.0-3ubuntu1~18.04' --with-bugurl=file:///usr/share/doc/gcc-7/README.Bugs --enable-languages=c,ada,c++,go,brig,d,fortran,objc,obj-c++ --prefix=/usr --with-gcc-major-version-only --program-suffix=-7 --program-prefix=x86_64-linux-gnu- --enable-shared --enable-linker-build-id --libexecdir=/usr/lib --without-included-gettext --enable-threads=posix --libdir=/usr/lib --enable-nls --enable-bootstrap --enable-clocale=gnu --enable-libstdcxx-debug --enable-libstdcxx-time=yes --with-default-libstdcxx-abi=new --enable-gnu-unique-object --disable-vtable-verify --enable-libmpx --enable-plugin --enable-default-pie --with-system-zlib --with-target-system-zlib --enable-objc-gc=auto --enable-multiarch --disable-werror --with-arch-32=i686 --with-abi=m64 --with-multilib-list=m32,m64,mx32 --enable-multilib --with-tune=generic --enable-offload-targets=nvptx-none --without-cuda-driver --enable-checking=release --build=x86_64-linux-gnu --host=x86_64-linux-gnu --target=x86_64-linux-gnu
Thread model: posix
gcc version 7.5.0 (Ubuntu 7.5.0-3ubuntu1~18.04) 
COLLECT_GCC_OPTIONS='-v' '-o' 'CMakeFiles/cmTC_bcb9e.dir/CMakeCXXCompilerABI.cpp.o' '-c' '-shared-libgcc' '-mtune=generic' '-march=x86-64'
 /usr/lib/gcc/x86_64-linux-gnu/7/cc1plus -quiet -v -imultiarch x86_64-linux-gnu -D_GNU_SOURCE /home/chenyidong/clion-2021.3.2/bin/cmake/linux/share/cmake-3.21/Modules/CMakeCXXCompilerABI.cpp -quiet -dumpbase CMakeCXXCompilerABI.cpp -mtune=generic -march=x86-64 -auxbase-strip CMakeFiles/cmTC_bcb9e.dir/CMakeCXXCompilerABI.cpp.o -version -fstack-protector-strong -Wformat -Wformat-security -o /tmp/ccyz8od6.s
GNU C++14 (Ubuntu 7.5.0-3ubuntu1~18.04) version 7.5.0 (x86_64-linux-gnu)
	compiled by GNU C version 7.5.0, GMP version 6.1.2, MPFR version 4.0.1, MPC version 1.1.0, isl version isl-0.19-GMP

warning: GMP header version 6.1.2 differs from library version 6.2.1.
GGC heuristics: --param ggc-min-expand=100 --param ggc-min-heapsize=131072
ignoring duplicate directory "/usr/include/x86_64-linux-gnu/c++/7"
ignoring nonexistent directory "/usr/local/include/x86_64-linux-gnu"
ignoring nonexistent directory "/usr/lib/gcc/x86_64-linux-gnu/7/../../../../x86_64-linux-gnu/include"
ignoring duplicate directory "/opt/intel/oneapi/ipp/2021.1.1/include"
#include "..." search starts here:
#include <...> search starts here:
 /opt/intel/oneapi/tbb/2021.1.1/env/../include
 /opt/intel/oneapi/mpi/2021.1.1//include
 /opt/intel/oneapi/mkl/latest/include
 /opt/intel/oneapi/ipp/2021.1.1/include
 /opt/intel/oneapi/ippcp/2021.1.1/include
 /opt/intel/oneapi/dpl/2021.1.2/linux/include
 /opt/intel/oneapi/dpcpp-ct/2021.1.1/include
 /opt/intel/oneapi/dnnl/2021.1.1/cpu_dpcpp_gpu_dpcpp/lib
 /opt/intel/oneapi/dev-utilities/2021.1.1/include
 /opt/intel/oneapi/dal/2021.1.1/include
 /opt/intel/oneapi/compiler/2021.1.2/linux/include
 /opt/intel/oneapi/ccl/2021.1.1/include/cpu_gpu_dpcpp
 /home/chenyidong/user/include/
 .
 /usr/include/c++/7
 /usr/include/x86_64-linux-gnu/c++/7
 /usr/include/c++/7/backward
 /usr/lib/gcc/x86_64-linux-gnu/7/include
 /usr/local/include
 /usr/lib/gcc/x86_64-linux-gnu/7/include-fixed
 /usr/include/x86_64-linux-gnu
 /usr/include
End of search list.
GNU C++14 (Ubuntu 7.5.0-3ubuntu1~18.04) version 7.5.0 (x86_64-linux-gnu)
	compiled by GNU C version 7.5.0, GMP version 6.1.2, MPFR version 4.0.1, MPC version 1.1.0, isl version isl-0.19-GMP

warning: GMP header version 6.1.2 differs from library version 6.2.1.
GGC heuristics: --param ggc-min-expand=100 --param ggc-min-heapsize=131072
Compiler executable checksum: 3eb3dc290cd5714c3e1c3ae751116f07
COLLECT_GCC_OPTIONS='-v' '-o' 'CMakeFiles/cmTC_bcb9e.dir/CMakeCXXCompilerABI.cpp.o' '-c' '-shared-libgcc' '-mtune=generic' '-march=x86-64'
 as -v --64 -o CMakeFiles/cmTC_bcb9e.dir/CMakeCXXCompilerABI.cpp.o /tmp/ccyz8od6.s
GNU assembler version 2.30 (x86_64-linux-gnu) using BFD version (GNU Binutils for Ubuntu) 2.30
COMPILER_PATH=/usr/lib/gcc/x86_64-linux-gnu/7/:/usr/lib/gcc/x86_64-linux-gnu/7/:/usr/lib/gcc/x86_64-linux-gnu/:/usr/lib/gcc/x86_64-linux-gnu/7/:/usr/lib/gcc/x86_64-linux-gnu/
LIBRARY_PATH=/home/chenyidong/user/include/../lib/:/opt/intel/oneapi/mpi/2021.1.1//libfabric/lib/../lib/:/opt/intel/oneapi/mpi/2021.1.1//lib/../lib/:/opt/intel/oneapi/dnnl/2021.1.1/cpu_dpcpp_gpu_dpcpp/lib/../lib/:/opt/intel/oneapi/compiler/2021.1.2/linux/lib/../lib/:/usr/lib/gcc/x86_64-linux-gnu/7/:/usr/lib/gcc/x86_64-linux-gnu/7/../../../x86_64-linux-gnu/:/usr/lib/gcc/x86_64-linux-gnu/7/../../../../lib/:/lib/x86_64-linux-gnu/:/lib/../lib/:/usr/lib/x86_64-linux-gnu/:/usr/lib/../lib/:/home/chenyidong/user/include/:/opt/intel/oneapi/tbb/2021.1.1/env/../lib/intel64/gcc4.8/:/opt/intel/oneapi/mpi/2021.1.1//libfabric/lib/:/opt/intel/oneapi/mpi/2021.1.1//lib/release/:/opt/intel/oneapi/mpi/2021.1.1//lib/:/opt/intel/oneapi/mkl/latest/lib/intel64/:/opt/intel/oneapi/ipp/2021.1.1/lib/intel64/:/opt/intel/oneapi/ippcp/2021.1.1/lib/intel64/:/opt/intel/oneapi/ipp/2021.1.1/lib/intel64/:/opt/intel/oneapi/dnnl/2021.1.1/cpu_dpcpp_gpu_dpcpp/lib/:/opt/intel/oneapi/dal/2021.1.1/lib/intel64/:/opt/intel/oneapi/compiler/2021.1.2/linux/compiler/lib/intel64_lin/:/opt/intel/oneapi/compiler/2021.1.2/linux/lib/:/opt/intel/oneapi/ccl/2021.1.1/lib/cpu_gpu_dpcpp/:/usr/lib/gcc/x86_64-linux-gnu/7/../../../:/lib/:/usr/lib/
COLLECT_GCC_OPTIONS='-v' '-o' 'CMakeFiles/cmTC_bcb9e.dir/CMakeCXXCompilerABI.cpp.o' '-c' '-shared-libgcc' '-mtune=generic' '-march=x86-64'
[2/2] Linking CXX executable cmTC_bcb9e
Using built-in specs.
COLLECT_GCC=/usr/bin/c++
COLLECT_LTO_WRAPPER=/usr/lib/gcc/x86_64-linux-gnu/7/lto-wrapper
OFFLOAD_TARGET_NAMES=nvptx-none
OFFLOAD_TARGET_DEFAULT=1
Target: x86_64-linux-gnu
Configured with: ../src/configure -v --with-pkgversion='Ubuntu 7.5.0-3ubuntu1~18.04' --with-bugurl=file:///usr/share/doc/gcc-7/README.Bugs --enable-languages=c,ada,c++,go,brig,d,fortran,objc,obj-c++ --prefix=/usr --with-gcc-major-version-only --program-suffix=-7 --program-prefix=x86_64-linux-gnu- --enable-shared --enable-linker-build-id --libexecdir=/usr/lib --without-included-gettext --enable-threads=posix --libdir=/usr/lib --enable-nls --enable-bootstrap --enable-clocale=gnu --enable-libstdcxx-debug --enable-libstdcxx-time=yes --with-default-libstdcxx-abi=new --enable-gnu-unique-object --disable-vtable-verify --enable-libmpx --enable-plugin --enable-default-pie --with-system-zlib --with-target-system-zlib --enable-objc-gc=auto --enable-multiarch --disable-werror --with-arch-32=i686 --with-abi=m64 --with-multilib-list=m32,m64,mx32 --enable-multilib --with-tune=generic --enable-offload-targets=nvptx-none --without-cuda-driver --enable-checking=release --build=x86_64-linux-gnu --host=x86_64-linux-gnu --target=x86_64-linux-gnu
Thread model: posix
gcc version 7.5.0 (Ubuntu 7.5.0-3ubuntu1~18.04) 
COMPILER_PATH=/usr/lib/gcc/x86_64-linux-gnu/7/:/usr/lib/gcc/x86_64-linux-gnu/7/:/usr/lib/gcc/x86_64-linux-gnu/:/usr/lib/gcc/x86_64-linux-gnu/7/:/usr/lib/gcc/x86_64-linux-gnu/
LIBRARY_PATH=/home/chenyidong/user/include/../lib/:/opt/intel/oneapi/mpi/2021.1.1//libfabric/lib/../lib/:/opt/intel/oneapi/mpi/2021.1.1//lib/../lib/:/opt/intel/oneapi/dnnl/2021.1.1/cpu_dpcpp_gpu_dpcpp/lib/../lib/:/opt/intel/oneapi/compiler/2021.1.2/linux/lib/../lib/:/usr/lib/gcc/x86_64-linux-gnu/7/:/usr/lib/gcc/x86_64-linux-gnu/7/../../../x86_64-linux-gnu/:/usr/lib/gcc/x86_64-linux-gnu/7/../../../../lib/:/lib/x86_64-linux-gnu/:/lib/../lib/:/usr/lib/x86_64-linux-gnu/:/usr/lib/../lib/:/home/chenyidong/user/include/:/opt/intel/oneapi/tbb/2021.1.1/env/../lib/intel64/gcc4.8/:/opt/intel/oneapi/mpi/2021.1.1//libfabric/lib/:/opt/intel/oneapi/mpi/2021.1.1//lib/release/:/opt/intel/oneapi/mpi/2021.1.1//lib/:/opt/intel/oneapi/mkl/latest/lib/intel64/:/opt/intel/oneapi/ipp/2021.1.1/lib/intel64/:/opt/intel/oneapi/ippcp/2021.1.1/lib/intel64/:/opt/intel/oneapi/ipp/2021.1.1/lib/intel64/:/opt/intel/oneapi/dnnl/2021.1.1/cpu_dpcpp_gpu_dpcpp/lib/:/opt/intel/oneapi/dal/2021.1.1/lib/intel64/:/opt/intel/oneapi/compiler/2021.1.2/linux/compiler/lib/intel64_lin/:/opt/intel/oneapi/compiler/2021.1.2/linux/lib/:/opt/intel/oneapi/ccl/2021.1.1/lib/cpu_gpu_dpcpp/:/usr/lib/gcc/x86_64-linux-gnu/7/../../../:/lib/:/usr/lib/
COLLECT_GCC_OPTIONS='-v' '-rdynamic' '-o' 'cmTC_bcb9e' '-shared-libgcc' '-mtune=generic' '-march=x86-64'
 /usr/lib/gcc/x86_64-linux-gnu/7/collect2 -plugin /usr/lib/gcc/x86_64-linux-gnu/7/liblto_plugin.so -plugin-opt=/usr/lib/gcc/x86_64-linux-gnu/7/lto-wrapper -plugin-opt=-fresolution=/tmp/cc64kK37.res -plugin-opt=-pass-through=-lgcc_s -plugin-opt=-pass-through=-lgcc -plugin-opt=-pass-through=-lc -plugin-opt=-pass-through=-lgcc_s -plugin-opt=-pass-through=-lgcc --build-id --eh-frame-hdr -m elf_x86_64 --hash-style=gnu --as-needed -export-dynamic -dynamic-linker /lib64/ld-linux-x86-64.so.2 -pie -z now -z relro -o cmTC_bcb9e /usr/lib/gcc/x86_64-linux-gnu/7/../../../x86_64-linux-gnu/Scrt1.o /usr/lib/gcc/x86_64-linux-gnu/7/../../../x86_64-linux-gnu/crti.o /usr/lib/gcc/x86_64-linux-gnu/7/crtbeginS.o -L/home/chenyidong/user/include/../lib -L/opt/intel/oneapi/mpi/2021.1.1//libfabric/lib/../lib -L/opt/intel/oneapi/mpi/2021.1.1//lib/../lib -L/opt/intel/oneapi/dnnl/2021.1.1/cpu_dpcpp_gpu_dpcpp/lib/../lib -L/opt/intel/oneapi/compiler/2021.1.2/linux/lib/../lib -L/usr/lib/gcc/x86_64-linux-gnu/7 -L/usr/lib/gcc/x86_64-linux-gnu/7/../../../x86_64-linux-gnu -L/usr/lib/gcc/x86_64-linux-gnu/7/../../../../lib -L/lib/x86_64-linux-gnu -L/lib/../lib -L/usr/lib/x86_64-linux-gnu -L/usr/lib/../lib -L/home/chenyidong/user/include -L/opt/intel/oneapi/tbb/2021.1.1/env/../lib/intel64/gcc4.8 -L/opt/intel/oneapi/mpi/2021.1.1//libfabric/lib -L/opt/intel/oneapi/mpi/2021.1.1//lib/release -L/opt/intel/oneapi/mpi/2021.1.1//lib -L/opt/intel/oneapi/mkl/latest/lib/intel64 -L/opt/intel/oneapi/ipp/2021.1.1/lib/intel64 -L/opt/intel/oneapi/ippcp/2021.1.1/lib/intel64 -L/opt/intel/oneapi/ipp/2021.1.1/lib/intel64 -L/opt/intel/oneapi/dnnl/2021.1.1/cpu_dpcpp_gpu_dpcpp/lib -L/opt/intel/oneapi/dal/2021.1.1/lib/intel64 -L/opt/intel/oneapi/compiler/2021.1.2/linux/compiler/lib/intel64_lin -L/opt/intel/oneapi/compiler/2021.1.2/linux/lib -L/opt/intel/oneapi/ccl/2021.1.1/lib/cpu_gpu_dpcpp -L/usr/lib/gcc/x86_64-linux-gnu/7/../../.. CMakeFiles/cmTC_bcb9e.dir/CMakeCXXCompilerABI.cpp.o -lstdc++ -lm -lgcc_s -lgcc -lc -lgcc_s -lgcc /usr/lib/gcc/x86_64-linux-gnu/7/crtendS.o /usr/lib/gcc/x86_64-linux-gnu/7/../../../x86_64-linux-gnu/crtn.o
COLLECT_GCC_OPTIONS='-v' '-rdynamic' '-o' 'cmTC_bcb9e' '-shared-libgcc' '-mtune=generic' '-march=x86-64'



Parsed CXX implicit include dir info from above output: rv=done
  found start of include info
  found start of implicit include info
    add: [/opt/intel/oneapi/tbb/2021.1.1/env/../include]
    add: [/opt/intel/oneapi/mpi/2021.1.1//include]
    add: [/opt/intel/oneapi/mkl/latest/include]
    add: [/opt/intel/oneapi/ipp/2021.1.1/include]
    add: [/opt/intel/oneapi/ippcp/2021.1.1/include]
    add: [/opt/intel/oneapi/dpl/2021.1.2/linux/include]
    add: [/opt/intel/oneapi/dpcpp-ct/2021.1.1/include]
    add: [/opt/intel/oneapi/dnnl/2021.1.1/cpu_dpcpp_gpu_dpcpp/lib]
    add: [/opt/intel/oneapi/dev-utilities/2021.1.1/include]
    add: [/opt/intel/oneapi/dal/2021.1.1/include]
    add: [/opt/intel/oneapi/compiler/2021.1.2/linux/include]
    add: [/opt/intel/oneapi/ccl/2021.1.1/include/cpu_gpu_dpcpp]
    add: [/home/chenyidong/user/include/]
    add: [.]
    add: [/usr/include/c++/7]
    add: [/usr/include/x86_64-linux-gnu/c++/7]
    add: [/usr/include/c++/7/backward]
    add: [/usr/lib/gcc/x86_64-linux-gnu/7/include]
    add: [/usr/local/include]
    add: [/usr/lib/gcc/x86_64-linux-gnu/7/include-fixed]
    add: [/usr/include/x86_64-linux-gnu]
    add: [/usr/include]
  end of search list found
  collapse include dir [/opt/intel/oneapi/tbb/2021.1.1/env/../include] ==> [/opt/intel/oneapi/tbb/2021.1.1/include]
  collapse include dir [/opt/intel/oneapi/mpi/2021.1.1//include] ==> [/opt/intel/oneapi/mpi/2021.1.1/include]
  collapse include dir [/opt/intel/oneapi/mkl/latest/include] ==> [/opt/intel/oneapi/mkl/latest/include]
  collapse include dir [/opt/intel/oneapi/ipp/2021.1.1/include] ==> [/opt/intel/oneapi/ipp/2021.1.1/include]
  collapse include dir [/opt/intel/oneapi/ippcp/2021.1.1/include] ==> [/opt/intel/oneapi/ippcp/2021.1.1/include]
  collapse include dir [/opt/intel/oneapi/dpl/2021.1.2/linux/include] ==> [/opt/intel/oneapi/dpl/2021.1.2/linux/include]
  collapse include dir [/opt/intel/oneapi/dpcpp-ct/2021.1.1/include] ==> [/opt/intel/oneapi/dpcpp-ct/2021.1.1/include]
  collapse include dir [/opt/intel/oneapi/dnnl/2021.1.1/cpu_dpcpp_gpu_dpcpp/lib] ==> [/opt/intel/oneapi/dnnl/2021.1.1/cpu_dpcpp_gpu_dpcpp/lib]
  collapse include dir [/opt/intel/oneapi/dev-utilities/2021.1.1/include] ==> [/opt/intel/oneapi/dev-utilities/2021.1.1/include]
  collapse include dir [/opt/intel/oneapi/dal/2021.1.1/include] ==> [/opt/intel/oneapi/dal/2021.1.1/include]
  collapse include dir [/opt/intel/oneapi/compiler/2021.1.2/linux/include] ==> [/opt/intel/oneapi/compiler/2021.1.2/linux/include]
  collapse include dir [/opt/intel/oneapi/ccl/2021.1.1/include/cpu_gpu_dpcpp] ==> [/opt/intel/oneapi/ccl/2021.1.1/include/cpu_gpu_dpcpp]
  collapse include dir [/home/chenyidong/user/include/] ==> [/home/chenyidong/user/include]
  skipping relative include dir [.]
  collapse include dir [/usr/include/c++/7] ==> [/usr/include/c++/7]
  collapse include dir [/usr/include/x86_64-linux-gnu/c++/7] ==> [/usr/include/x86_64-linux-gnu/c++/7]
  collapse include dir [/usr/include/c++/7/backward] ==> [/usr/include/c++/7/backward]
  collapse include dir [/usr/lib/gcc/x86_64-linux-gnu/7/include] ==> [/usr/lib/gcc/x86_64-linux-gnu/7/include]
  collapse include dir [/usr/local/include] ==> [/usr/local/include]
  collapse include dir [/usr/lib/gcc/x86_64-linux-gnu/7/include-fixed] ==> [/usr/lib/gcc/x86_64-linux-gnu/7/include-fixed]
  collapse include dir [/usr/include/x86_64-linux-gnu] ==> [/usr/include/x86_64-linux-gnu]
  collapse include dir [/usr/include] ==> [/usr/include]
  implicit include dirs: [/opt/intel/oneapi/tbb/2021.1.1/include;/opt/intel/oneapi/mpi/2021.1.1/include;/opt/intel/oneapi/mkl/latest/include;/opt/intel/oneapi/ipp/2021.1.1/include;/opt/intel/oneapi/ippcp/2021.1.1/include;/opt/intel/oneapi/dpl/2021.1.2/linux/include;/opt/intel/oneapi/dpcpp-ct/2021.1.1/include;/opt/intel/oneapi/dnnl/2021.1.1/cpu_dpcpp_gpu_dpcpp/lib;/opt/intel/oneapi/dev-utilities/2021.1.1/include;/opt/intel/oneapi/dal/2021.1.1/include;/opt/intel/oneapi/compiler/2021.1.2/linux/include;/opt/intel/oneapi/ccl/2021.1.1/include/cpu_gpu_dpcpp;/home/chenyidong/user/include;/usr/include/c++/7;/usr/include/x86_64-linux-gnu/c++/7;/usr/include/c++/7/backward;/usr/lib/gcc/x86_64-linux-gnu/7/include;/usr/local/include;/usr/lib/gcc/x86_64-linux-gnu/7/include-fixed;/usr/include/x86_64-linux-gnu;/usr/include]


Parsed CXX implicit link information from above output:
  link line regex: [^( *|.*[/\])(ld|CMAKE_LINK_STARTFILE-NOTFOUND|([^/\]+-)?ld|collect2)[^/\]*( |$)]
  ignore line: [Change Dir: /home/chenyidong/hpc_ot/SparseSinkhorn/CMakeFiles/CMakeTmp]
  ignore line: []
  ignore line: [Run Build Command(s):/home/chenyidong/clion-2021.3.2/bin/ninja/linux/ninja cmTC_bcb9e && [1/2] Building CXX object CMakeFiles/cmTC_bcb9e.dir/CMakeCXXCompilerABI.cpp.o]
  ignore line: [Using built-in specs.]
  ignore line: [COLLECT_GCC=/usr/bin/c++]
  ignore line: [OFFLOAD_TARGET_NAMES=nvptx-none]
  ignore line: [OFFLOAD_TARGET_DEFAULT=1]
  ignore line: [Target: x86_64-linux-gnu]
  ignore line: [Configured with: ../src/configure -v --with-pkgversion='Ubuntu 7.5.0-3ubuntu1~18.04' --with-bugurl=file:///usr/share/doc/gcc-7/README.Bugs --enable-languages=c ada c++ go brig d fortran objc obj-c++ --prefix=/usr --with-gcc-major-version-only --program-suffix=-7 --program-prefix=x86_64-linux-gnu- --enable-shared --enable-linker-build-id --libexecdir=/usr/lib --without-included-gettext --enable-threads=posix --libdir=/usr/lib --enable-nls --enable-bootstrap --enable-clocale=gnu --enable-libstdcxx-debug --enable-libstdcxx-time=yes --with-default-libstdcxx-abi=new --enable-gnu-unique-object --disable-vtable-verify --enable-libmpx --enable-plugin --enable-default-pie --with-system-zlib --with-target-system-zlib --enable-objc-gc=auto --enable-multiarch --disable-werror --with-arch-32=i686 --with-abi=m64 --with-multilib-list=m32 m64 mx32 --enable-multilib --with-tune=generic --enable-offload-targets=nvptx-none --without-cuda-driver --enable-checking=release --build=x86_64-linux-gnu --host=x86_64-linux-gnu --target=x86_64-linux-gnu]
  ignore line: [Thread model: posix]
  ignore line: [gcc version 7.5.0 (Ubuntu 7.5.0-3ubuntu1~18.04) ]
  ignore line: [COLLECT_GCC_OPTIONS='-v' '-o' 'CMakeFiles/cmTC_bcb9e.dir/CMakeCXXCompilerABI.cpp.o' '-c' '-shared-libgcc' '-mtune=generic' '-march=x86-64']
  ignore line: [ /usr/lib/gcc/x86_64-linux-gnu/7/cc1plus -quiet -v -imultiarch x86_64-linux-gnu -D_GNU_SOURCE /home/chenyidong/clion-2021.3.2/bin/cmake/linux/share/cmake-3.21/Modules/CMakeCXXCompilerABI.cpp -quiet -dumpbase CMakeCXXCompilerABI.cpp -mtune=generic -march=x86-64 -auxbase-strip CMakeFiles/cmTC_bcb9e.dir/CMakeCXXCompilerABI.cpp.o -version -fstack-protector-strong -Wformat -Wformat-security -o /tmp/ccyz8od6.s]
  ignore line: [GNU C++14 (Ubuntu 7.5.0-3ubuntu1~18.04) version 7.5.0 (x86_64-linux-gnu)]
  ignore line: [	compiled by GNU C version 7.5.0  GMP version 6.1.2  MPFR version 4.0.1  MPC version 1.1.0  isl version isl-0.19-GMP]
  ignore line: []
  ignore line: [warning: GMP header version 6.1.2 differs from library version 6.2.1.]
  ignore line: [GGC heuristics: --param ggc-min-expand=100 --param ggc-min-heapsize=131072]
  ignore line: [ignoring duplicate directory "/usr/include/x86_64-linux-gnu/c++/7"]
  ignore line: [ignoring nonexistent directory "/usr/local/include/x86_64-linux-gnu"]
  ignore line: [ignoring nonexistent directory "/usr/lib/gcc/x86_64-linux-gnu/7/../../../../x86_64-linux-gnu/include"]
  ignore line: [ignoring duplicate directory "/opt/intel/oneapi/ipp/2021.1.1/include"]
  ignore line: [#include "..." search starts here:]
  ignore line: [#include <...> search starts here:]
  ignore line: [ /opt/intel/oneapi/tbb/2021.1.1/env/../include]
  ignore line: [ /opt/intel/oneapi/mpi/2021.1.1//include]
  ignore line: [ /opt/intel/oneapi/mkl/latest/include]
  ignore line: [ /opt/intel/oneapi/ipp/2021.1.1/include]
  ignore line: [ /opt/intel/oneapi/ippcp/2021.1.1/include]
  ignore line: [ /opt/intel/oneapi/dpl/2021.1.2/linux/include]
  ignore line: [ /opt/intel/oneapi/dpcpp-ct/2021.1.1/include]
  ignore line: [ /opt/intel/oneapi/dnnl/2021.1.1/cpu_dpcpp_gpu_dpcpp/lib]
  ignore line: [ /opt/intel/oneapi/dev-utilities/2021.1.1/include]
  ignore line: [ /opt/intel/oneapi/dal/2021.1.1/include]
  ignore line: [ /opt/intel/oneapi/compiler/2021.1.2/linux/include]
  ignore line: [ /opt/intel/oneapi/ccl/2021.1.1/include/cpu_gpu_dpcpp]
  ignore line: [ /home/chenyidong/user/include/]
  ignore line: [ .]
  ignore line: [ /usr/include/c++/7]
  ignore line: [ /usr/include/x86_64-linux-gnu/c++/7]
  ignore line: [ /usr/include/c++/7/backward]
  ignore line: [ /usr/lib/gcc/x86_64-linux-gnu/7/include]
  ignore line: [ /usr/local/include]
  ignore line: [ /usr/lib/gcc/x86_64-linux-gnu/7/include-fixed]
  ignore line: [ /usr/include/x86_64-linux-gnu]
  ignore line: [ /usr/include]
  ignore line: [End of search list.]
  ignore line: [GNU C++14 (Ubuntu 7.5.0-3ubuntu1~18.04) version 7.5.0 (x86_64-linux-gnu)]
  ignore line: [	compiled by GNU C version 7.5.0  GMP version 6.1.2  MPFR version 4.0.1  MPC version 1.1.0  isl version isl-0.19-GMP]
  ignore line: []
  ignore line: [warning: GMP header version 6.1.2 differs from library version 6.2.1.]
  ignore line: [GGC heuristics: --param ggc-min-expand=100 --param ggc-min-heapsize=131072]
  ignore line: [Compiler executable checksum: 3eb3dc290cd5714c3e1c3ae751116f07]
  ignore line: [COLLECT_GCC_OPTIONS='-v' '-o' 'CMakeFiles/cmTC_bcb9e.dir/CMakeCXXCompilerABI.cpp.o' '-c' '-shared-libgcc' '-mtune=generic' '-march=x86-64']
  ignore line: [ as -v --64 -o CMakeFiles/cmTC_bcb9e.dir/CMakeCXXCompilerABI.cpp.o /tmp/ccyz8od6.s]
  ignore line: [GNU assembler version 2.30 (x86_64-linux-gnu) using BFD version (GNU Binutils for Ubuntu) 2.30]
  ignore line: [COMPILER_PATH=/usr/lib/gcc/x86_64-linux-gnu/7/:/usr/lib/gcc/x86_64-linux-gnu/7/:/usr/lib/gcc/x86_64-linux-gnu/:/usr/lib/gcc/x86_64-linux-gnu/7/:/usr/lib/gcc/x86_64-linux-gnu/]
  ignore line: [LIBRARY_PATH=/home/chenyidong/user/include/../lib/:/opt/intel/oneapi/mpi/2021.1.1//libfabric/lib/../lib/:/opt/intel/oneapi/mpi/2021.1.1//lib/../lib/:/opt/intel/oneapi/dnnl/2021.1.1/cpu_dpcpp_gpu_dpcpp/lib/../lib/:/opt/intel/oneapi/compiler/2021.1.2/linux/lib/../lib/:/usr/lib/gcc/x86_64-linux-gnu/7/:/usr/lib/gcc/x86_64-linux-gnu/7/../../../x86_64-linux-gnu/:/usr/lib/gcc/x86_64-linux-gnu/7/../../../../lib/:/lib/x86_64-linux-gnu/:/lib/../lib/:/usr/lib/x86_64-linux-gnu/:/usr/lib/../lib/:/home/chenyidong/user/include/:/opt/intel/oneapi/tbb/2021.1.1/env/../lib/intel64/gcc4.8/:/opt/intel/oneapi/mpi/2021.1.1//libfabric/lib/:/opt/intel/oneapi/mpi/2021.1.1//lib/release/:/opt/intel/oneapi/mpi/2021.1.1//lib/:/opt/intel/oneapi/mkl/latest/lib/intel64/:/opt/intel/oneapi/ipp/2021.1.1/lib/intel64/:/opt/intel/oneapi/ippcp/2021.1.1/lib/intel64/:/opt/intel/oneapi/ipp/2021.1.1/lib/intel64/:/opt/intel/oneapi/dnnl/2021.1.1/cpu_dpcpp_gpu_dpcpp/lib/:/opt/intel/oneapi/dal/2021.1.1/lib/intel64/:/opt/intel/oneapi/compiler/2021.1.2/linux/compiler/lib/intel64_lin/:/opt/intel/oneapi/compiler/2021.1.2/linux/lib/:/opt/intel/oneapi/ccl/2021.1.1/lib/cpu_gpu_dpcpp/:/usr/lib/gcc/x86_64-linux-gnu/7/../../../:/lib/:/usr/lib/]
  ignore line: [COLLECT_GCC_OPTIONS='-v' '-o' 'CMakeFiles/cmTC_bcb9e.dir/CMakeCXXCompilerABI.cpp.o' '-c' '-shared-libgcc' '-mtune=generic' '-march=x86-64']
  ignore line: [[2/2] Linking CXX executable cmTC_bcb9e]
  ignore line: [Using built-in specs.]
  ignore line: [COLLECT_GCC=/usr/bin/c++]
  ignore line: [COLLECT_LTO_WRAPPER=/usr/lib/gcc/x86_64-linux-gnu/7/lto-wrapper]
  ignore line: [OFFLOAD_TARGET_NAMES=nvptx-none]
  ignore line: [OFFLOAD_TARGET_DEFAULT=1]
  ignore line: [Target: x86_64-linux-gnu]
  ignore line: [Configured with: ../src/configure -v --with-pkgversion='Ubuntu 7.5.0-3ubuntu1~18.04' --with-bugurl=file:///usr/share/doc/gcc-7/README.Bugs --enable-languages=c ada c++ go brig d fortran objc obj-c++ --prefix=/usr --with-gcc-major-version-only --program-suffix=-7 --program-prefix=x86_64-linux-gnu- --enable-shared --enable-linker-build-id --libexecdir=/usr/lib --without-included-gettext --enable-threads=posix --libdir=/usr/lib --enable-nls --enable-bootstrap --enable-clocale=gnu --enable-libstdcxx-debug --enable-libstdcxx-time=yes --with-default-libstdcxx-abi=new --enable-gnu-unique-object --disable-vtable-verify --enable-libmpx --enable-plugin --enable-default-pie --with-system-zlib --with-target-system-zlib --enable-objc-gc=auto --enable-multiarch --disable-werror --with-arch-32=i686 --with-abi=m64 --with-multilib-list=m32 m64 mx32 --enable-multilib --with-tune=generic --enable-offload-targets=nvptx-none --without-cuda-driver --enable-checking=release --build=x86_64-linux-gnu --host=x86_64-linux-gnu --target=x86_64-linux-gnu]
  ignore line: [Thread model: posix]
  ignore line: [gcc version 7.5.0 (Ubuntu 7.5.0-3ubuntu1~18.04) ]
  ignore line: [COMPILER_PATH=/usr/lib/gcc/x86_64-linux-gnu/7/:/usr/lib/gcc/x86_64-linux-gnu/7/:/usr/lib/gcc/x86_64-linux-gnu/:/usr/lib/gcc/x86_64-linux-gnu/7/:/usr/lib/gcc/x86_64-linux-gnu/]
  ignore line: [LIBRARY_PATH=/home/chenyidong/user/include/../lib/:/opt/intel/oneapi/mpi/2021.1.1//libfabric/lib/../lib/:/opt/intel/oneapi/mpi/2021.1.1//lib/../lib/:/opt/intel/oneapi/dnnl/2021.1.1/cpu_dpcpp_gpu_dpcpp/lib/../lib/:/opt/intel/oneapi/compiler/2021.1.2/linux/lib/../lib/:/usr/lib/gcc/x86_64-linux-gnu/7/:/usr/lib/gcc/x86_64-linux-gnu/7/../../../x86_64-linux-gnu/:/usr/lib/gcc/x86_64-linux-gnu/7/../../../../lib/:/lib/x86_64-linux-gnu/:/lib/../lib/:/usr/lib/x86_64-linux-gnu/:/usr/lib/../lib/:/home/chenyidong/user/include/:/opt/intel/oneapi/tbb/2021.1.1/env/../lib/intel64/gcc4.8/:/opt/intel/oneapi/mpi/2021.1.1//libfabric/lib/:/opt/intel/oneapi/mpi/2021.1.1//lib/release/:/opt/intel/oneapi/mpi/2021.1.1//lib/:/opt/intel/oneapi/mkl/latest/lib/intel64/:/opt/intel/oneapi/ipp/2021.1.1/lib/intel64/:/opt/intel/oneapi/ippcp/2021.1.1/lib/intel64/:/opt/intel/oneapi/ipp/2021.1.1/lib/intel64/:/opt/intel/oneapi/dnnl/2021.1.1/cpu_dpcpp_gpu_dpcpp/lib/:/opt/intel/oneapi/dal/2021.1.1/lib/intel64/:/opt/intel/oneapi/compiler/2021.1.2/linux/compiler/lib/intel64_lin/:/opt/intel/oneapi/compiler/2021.1.2/linux/lib/:/opt/intel/oneapi/ccl/2021.1.1/lib/cpu_gpu_dpcpp/:/usr/lib/gcc/x86_64-linux-gnu/7/../../../:/lib/:/usr/lib/]
  ignore line: [COLLECT_GCC_OPTIONS='-v' '-rdynamic' '-o' 'cmTC_bcb9e' '-shared-libgcc' '-mtune=generic' '-march=x86-64']
  link line: [ /usr/lib/gcc/x86_64-linux-gnu/7/collect2 -plugin /usr/lib/gcc/x86_64-linux-gnu/7/liblto_plugin.so -plugin-opt=/usr/lib/gcc/x86_64-linux-gnu/7/lto-wrapper -plugin-opt=-fresolution=/tmp/cc64kK37.res -plugin-opt=-pass-through=-lgcc_s -plugin-opt=-pass-through=-lgcc -plugin-opt=-pass-through=-lc -plugin-opt=-pass-through=-lgcc_s -plugin-opt=-pass-through=-lgcc --build-id --eh-frame-hdr -m elf_x86_64 --hash-style=gnu --as-needed -export-dynamic -dynamic-linker /lib64/ld-linux-x86-64.so.2 -pie -z now -z relro -o cmTC_bcb9e /usr/lib/gcc/x86_64-linux-gnu/7/../../../x86_64-linux-gnu/Scrt1.o /usr/lib/gcc/x86_64-linux-gnu/7/../../../x86_64-linux-gnu/crti.o /usr/lib/gcc/x86_64-linux-gnu/7/crtbeginS.o -L/home/chenyidong/user/include/../lib -L/opt/intel/oneapi/mpi/2021.1.1//libfabric/lib/../lib -L/opt/intel/oneapi/mpi/2021.1.1//lib/../lib -L/opt/intel/oneapi/dnnl/2021.1.1/cpu_dpcpp_gpu_dpcpp/lib/../lib -L/opt/intel/oneapi/compiler/2021.1.2/linux/lib/../lib -L/usr/lib/gcc/x86_64-linux-gnu/7 -L/usr/lib/gcc/x86_64-linux-gnu/7/../../../x86_64-linux-gnu -L/usr/lib/gcc/x86_64-linux-gnu/7/../../../../lib -L/lib/x86_64-linux-gnu -L/lib/../lib -L/usr/lib/x86_64-linux-gnu -L/usr/lib/../lib -L/home/chenyidong/user/include -L/opt/intel/oneapi/tbb/2021.1.1/env/../lib/intel64/gcc4.8 -L/opt/intel/oneapi/mpi/2021.1.1//libfabric/lib -L/opt/intel/oneapi/mpi/2021.1.1//lib/release -L/opt/intel/oneapi/mpi/2021.1.1//lib -L/opt/intel/oneapi/mkl/latest/lib/intel64 -L/opt/intel/oneapi/ipp/2021.1.1/lib/intel64 -L/opt/intel/oneapi/ippcp/2021.1.1/lib/intel64 -L/opt/intel/oneapi/ipp/2021.1.1/lib/intel64 -L/opt/intel/oneapi/dnnl/2021.1.1/cpu_dpcpp_gpu_dpcpp/lib -L/opt/intel/oneapi/dal/2021.1.1/lib/intel64 -L/opt/intel/oneapi/compiler/2021.1.2/linux/compiler/lib/intel64_lin -L/opt/intel/oneapi/compiler/2021.1.2/linux/lib -L/opt/intel/oneapi/ccl/2021.1.1/lib/cpu_gpu_dpcpp -L/usr/lib/gcc/x86_64-linux-gnu/7/../../.. CMakeFiles/cmTC_bcb9e.dir/CMakeCXXCompilerABI.cpp.o -lstdc++ -lm -lgcc_s -lgcc -lc -lgcc_s -lgcc /usr/lib/gcc/x86_64-linux-gnu/7/crtendS.o /usr/lib/gcc/x86_64-linux-gnu/7/../../../x86_64-linux-gnu/crtn.o]
    arg [/usr/lib/gcc/x86_64-linux-gnu/7/collect2] ==> ignore
    arg [-plugin] ==> ignore
    arg [/usr/lib/gcc/x86_64-linux-gnu/7/liblto_plugin.so] ==> ignore
    arg [-plugin-opt=/usr/lib/gcc/x86_64-linux-gnu/7/lto-wrapper] ==> ignore
    arg [-plugin-opt=-fresolution=/tmp/cc64kK37.res] ==> ignore
    arg [-plugin-opt=-pass-through=-lgcc_s] ==> ignore
    arg [-plugin-opt=-pass-through=-lgcc] ==> ignore
    arg [-plugin-opt=-pass-through=-lc] ==> ignore
    arg [-plugin-opt=-pass-through=-lgcc_s] ==> ignore
    arg [-plugin-opt=-pass-through=-lgcc] ==> ignore
    arg [--build-id] ==> ignore
    arg [--eh-frame-hdr] ==> ignore
    arg [-m] ==> ignore
    arg [elf_x86_64] ==> ignore
    arg [--hash-style=gnu] ==> ignore
    arg [--as-needed] ==> ignore
    arg [-export-dynamic] ==> ignore
    arg [-dynamic-linker] ==> ignore
    arg [/lib64/ld-linux-x86-64.so.2] ==> ignore
    arg [-pie] ==> ignore
    arg [-znow] ==> ignore
    arg [-zrelro] ==> ignore
    arg [-o] ==> ignore
    arg [cmTC_bcb9e] ==> ignore
    arg [/usr/lib/gcc/x86_64-linux-gnu/7/../../../x86_64-linux-gnu/Scrt1.o] ==> obj [/usr/lib/gcc/x86_64-linux-gnu/7/../../../x86_64-linux-gnu/Scrt1.o]
    arg [/usr/lib/gcc/x86_64-linux-gnu/7/../../../x86_64-linux-gnu/crti.o] ==> obj [/usr/lib/gcc/x86_64-linux-gnu/7/../../../x86_64-linux-gnu/crti.o]
    arg [/usr/lib/gcc/x86_64-linux-gnu/7/crtbeginS.o] ==> obj [/usr/lib/gcc/x86_64-linux-gnu/7/crtbeginS.o]
    arg [-L/home/chenyidong/user/include/../lib] ==> dir [/home/chenyidong/user/include/../lib]
    arg [-L/opt/intel/oneapi/mpi/2021.1.1//libfabric/lib/../lib] ==> dir [/opt/intel/oneapi/mpi/2021.1.1//libfabric/lib/../lib]
    arg [-L/opt/intel/oneapi/mpi/2021.1.1//lib/../lib] ==> dir [/opt/intel/oneapi/mpi/2021.1.1//lib/../lib]
    arg [-L/opt/intel/oneapi/dnnl/2021.1.1/cpu_dpcpp_gpu_dpcpp/lib/../lib] ==> dir [/opt/intel/oneapi/dnnl/2021.1.1/cpu_dpcpp_gpu_dpcpp/lib/../lib]
    arg [-L/opt/intel/oneapi/compiler/2021.1.2/linux/lib/../lib] ==> dir [/opt/intel/oneapi/compiler/2021.1.2/linux/lib/../lib]
    arg [-L/usr/lib/gcc/x86_64-linux-gnu/7] ==> dir [/usr/lib/gcc/x86_64-linux-gnu/7]
    arg [-L/usr/lib/gcc/x86_64-linux-gnu/7/../../../x86_64-linux-gnu] ==> dir [/usr/lib/gcc/x86_64-linux-gnu/7/../../../x86_64-linux-gnu]
    arg [-L/usr/lib/gcc/x86_64-linux-gnu/7/../../../../lib] ==> dir [/usr/lib/gcc/x86_64-linux-gnu/7/../../../../lib]
    arg [-L/lib/x86_64-linux-gnu] ==> dir [/lib/x86_64-linux-gnu]
    arg [-L/lib/../lib] ==> dir [/lib/../lib]
    arg [-L/usr/lib/x86_64-linux-gnu] ==> dir [/usr/lib/x86_64-linux-gnu]
    arg [-L/usr/lib/../lib] ==> dir [/usr/lib/../lib]
    arg [-L/home/chenyidong/user/include] ==> dir [/home/chenyidong/user/include]
    arg [-L/opt/intel/oneapi/tbb/2021.1.1/env/../lib/intel64/gcc4.8] ==> dir [/opt/intel/oneapi/tbb/2021.1.1/env/../lib/intel64/gcc4.8]
    arg [-L/opt/intel/oneapi/mpi/2021.1.1//libfabric/lib] ==> dir [/opt/intel/oneapi/mpi/2021.1.1//libfabric/lib]
    arg [-L/opt/intel/oneapi/mpi/2021.1.1//lib/release] ==> dir [/opt/intel/oneapi/mpi/2021.1.1//lib/release]
    arg [-L/opt/intel/oneapi/mpi/2021.1.1//lib] ==> dir [/opt/intel/oneapi/mpi/2021.1.1//lib]
    arg [-L/opt/intel/oneapi/mkl/latest/lib/intel64] ==> dir [/opt/intel/oneapi/mkl/latest/lib/intel64]
    arg [-L/opt/intel/oneapi/ipp/2021.1.1/lib/intel64] ==> dir [/opt/intel/oneapi/ipp/2021.1.1/lib/intel64]
    arg [-L/opt/intel/oneapi/ippcp/2021.1.1/lib/intel64] ==> dir [/opt/intel/oneapi/ippcp/2021.1.1/lib/intel64]
    arg [-L/opt/intel/oneapi/ipp/2021.1.1/lib/intel64] ==> dir [/opt/intel/oneapi/ipp/2021.1.1/lib/intel64]
    arg [-L/opt/intel/oneapi/dnnl/2021.1.1/cpu_dpcpp_gpu_dpcpp/lib] ==> dir [/opt/intel/oneapi/dnnl/2021.1.1/cpu_dpcpp_gpu_dpcpp/lib]
    arg [-L/opt/intel/oneapi/dal/2021.1.1/lib/intel64] ==> dir [/opt/intel/oneapi/dal/2021.1.1/lib/intel64]
    arg [-L/opt/intel/oneapi/compiler/2021.1.2/linux/compiler/lib/intel64_lin] ==> dir [/opt/intel/oneapi/compiler/2021.1.2/linux/compiler/lib/intel64_lin]
    arg [-L/opt/intel/oneapi/compiler/2021.1.2/linux/lib] ==> dir [/opt/intel/oneapi/compiler/2021.1.2/linux/lib]
    arg [-L/opt/intel/oneapi/ccl/2021.1.1/lib/cpu_gpu_dpcpp] ==> dir [/opt/intel/oneapi/ccl/2021.1.1/lib/cpu_gpu_dpcpp]
    arg [-L/usr/lib/gcc/x86_64-linux-gnu/7/../../..] ==> dir [/usr/lib/gcc/x86_64-linux-gnu/7/../../..]
    arg [CMakeFiles/cmTC_bcb9e.dir/CMakeCXXCompilerABI.cpp.o] ==> ignore
    arg [-lstdc++] ==> lib [stdc++]
    arg [-lm] ==> lib [m]
    arg [-lgcc_s] ==> lib [gcc_s]
    arg [-lgcc] ==> lib [gcc]
    arg [-lc] ==> lib [c]
    arg [-lgcc_s] ==> lib [gcc_s]
    arg [-lgcc] ==> lib [gcc]
    arg [/usr/lib/gcc/x86_64-linux-gnu/7/crtendS.o] ==> obj [/usr/lib/gcc/x86_64-linux-gnu/7/crtendS.o]
    arg [/usr/lib/gcc/x86_64-linux-gnu/7/../../../x86_64-linux-gnu/crtn.o] ==> obj [/usr/lib/gcc/x86_64-linux-gnu/7/../../../x86_64-linux-gnu/crtn.o]
  collapse obj [/usr/lib/gcc/x86_64-linux-gnu/7/../../../x86_64-linux-gnu/Scrt1.o] ==> [/usr/lib/x86_64-linux-gnu/Scrt1.o]
  collapse obj [/usr/lib/gcc/x86_64-linux-gnu/7/../../../x86_64-linux-gnu/crti.o] ==> [/usr/lib/x86_64-linux-gnu/crti.o]
  collapse obj [/usr/lib/gcc/x86_64-linux-gnu/7/../../../x86_64-linux-gnu/crtn.o] ==> [/usr/lib/x86_64-linux-gnu/crtn.o]
  collapse library dir [/home/chenyidong/user/include/../lib] ==> [/home/chenyidong/user/lib]
  collapse library dir [/opt/intel/oneapi/mpi/2021.1.1//libfabric/lib/../lib] ==> [/opt/intel/oneapi/mpi/2021.1.1/libfabric/lib]
  collapse library dir [/opt/intel/oneapi/mpi/2021.1.1//lib/../lib] ==> [/opt/intel/oneapi/mpi/2021.1.1/lib]
  collapse library dir [/opt/intel/oneapi/dnnl/2021.1.1/cpu_dpcpp_gpu_dpcpp/lib/../lib] ==> [/opt/intel/oneapi/dnnl/2021.1.1/cpu_dpcpp_gpu_dpcpp/lib]
  collapse library dir [/opt/intel/oneapi/compiler/2021.1.2/linux/lib/../lib] ==> [/opt/intel/oneapi/compiler/2021.1.2/linux/lib]
  collapse library dir [/usr/lib/gcc/x86_64-linux-gnu/7] ==> [/usr/lib/gcc/x86_64-linux-gnu/7]
  collapse library dir [/usr/lib/gcc/x86_64-linux-gnu/7/../../../x86_64-linux-gnu] ==> [/usr/lib/x86_64-linux-gnu]
  collapse library dir [/usr/lib/gcc/x86_64-linux-gnu/7/../../../../lib] ==> [/usr/lib]
  collapse library dir [/lib/x86_64-linux-gnu] ==> [/lib/x86_64-linux-gnu]
  collapse library dir [/lib/../lib] ==> [/lib]
  collapse library dir [/usr/lib/x86_64-linux-gnu] ==> [/usr/lib/x86_64-linux-gnu]
  collapse library dir [/usr/lib/../lib] ==> [/usr/lib]
  collapse library dir [/home/chenyidong/user/include] ==> [/home/chenyidong/user/include]
  collapse library dir [/opt/intel/oneapi/tbb/2021.1.1/env/../lib/intel64/gcc4.8] ==> [/opt/intel/oneapi/tbb/2021.1.1/lib/intel64/gcc4.8]
  collapse library dir [/opt/intel/oneapi/mpi/2021.1.1//libfabric/lib] ==> [/opt/intel/oneapi/mpi/2021.1.1/libfabric/lib]
  collapse library dir [/opt/intel/oneapi/mpi/2021.1.1//lib/release] ==> [/opt/intel/oneapi/mpi/2021.1.1/lib/release]
  collapse library dir [/opt/intel/oneapi/mpi/2021.1.1//lib] ==> [/opt/intel/oneapi/mpi/2021.1.1/lib]
  collapse library dir [/opt/intel/oneapi/mkl/latest/lib/intel64] ==> [/opt/intel/oneapi/mkl/latest/lib/intel64]
  collapse library dir [/opt/intel/oneapi/ipp/2021.1.1/lib/intel64] ==> [/opt/intel/oneapi/ipp/2021.1.1/lib/intel64]
  collapse library dir [/opt/intel/oneapi/ippcp/2021.1.1/lib/intel64] ==> [/opt/intel/oneapi/ippcp/2021.1.1/lib/intel64]
  collapse library dir [/opt/intel/oneapi/ipp/2021.1.1/lib/intel64] ==> [/opt/intel/oneapi/ipp/2021.1.1/lib/intel64]
  collapse library dir [/opt/intel/oneapi/dnnl/2021.1.1/cpu_dpcpp_gpu_dpcpp/lib] ==> [/opt/intel/oneapi/dnnl/2021.1.1/cpu_dpcpp_gpu_dpcpp/lib]
  collapse library dir [/opt/intel/oneapi/dal/2021.1.1/lib/intel64] ==> [/opt/intel/oneapi/dal/2021.1.1/lib/intel64]
  collapse library dir [/opt/intel/oneapi/compiler/2021.1.2/linux/compiler/lib/intel64_lin] ==> [/opt/intel/oneapi/compiler/2021.1.2/linux/compiler/lib/intel64_lin]
  collapse library dir [/opt/intel/oneapi/compiler/2021.1.2/linux/lib] ==> [/opt/intel/oneapi/compiler/2021.1.2/linux/lib]
  collapse library dir [/opt/intel/oneapi/ccl/2021.1.1/lib/cpu_gpu_dpcpp] ==> [/opt/intel/oneapi/ccl/2021.1.1/lib/cpu_gpu_dpcpp]
  collapse library dir [/usr/lib/gcc/x86_64-linux-gnu/7/../../..] ==> [/usr/lib]
  implicit libs: [stdc++;m;gcc_s;gcc;c;gcc_s;gcc]
  implicit objs: [/usr/lib/x86_64-linux-gnu/Scrt1.o;/usr/lib/x86_64-linux-gnu/crti.o;/usr/lib/gcc/x86_64-linux-gnu/7/crtbeginS.o;/usr/lib/gcc/x86_64-linux-gnu/7/crtendS.o;/usr/lib/x86_64-linux-gnu/crtn.o]
  implicit dirs: [/home/chenyidong/user/lib;/opt/intel/oneapi/mpi/2021.1.1/libfabric/lib;/opt/intel/oneapi/mpi/2021.1.1/lib;/opt/intel/oneapi/dnnl/2021.1.1/cpu_dpcpp_gpu_dpcpp/lib;/opt/intel/oneapi/compiler/2021.1.2/linux/lib;/usr/lib/gcc/x86_64-linux-gnu/7;/usr/lib/x86_64-linux-gnu;/usr/lib;/lib/x86_64-linux-gnu;/lib;/home/chenyidong/user/include;/opt/intel/oneapi/tbb/2021.1.1/lib/intel64/gcc4.8;/opt/intel/oneapi/mpi/2021.1.1/lib/release;/opt/intel/oneapi/mkl/latest/lib/intel64;/opt/intel/oneapi/ipp/2021.1.1/lib/intel64;/opt/intel/oneapi/ippcp/2021.1.1/lib/intel64;/opt/intel/oneapi/dal/2021.1.1/lib/intel64;/opt/intel/oneapi/compiler/2021.1.2/linux/compiler/lib/intel64_lin;/opt/intel/oneapi/ccl/2021.1.1/lib/cpu_gpu_dpcpp]
  implicit fwks: []


